[13:45:4 (1547574304725)] START OF RUNTIME
[13:45:4 (1547574304725)] [ACTION] Taking pictures...
[13:45:4 (1547574304725)] [ACTION] Using Camera 0...
[13:45:5 (1547574305498)] [ACTION] Camera 0 frame grab
[13:45:5 (1547574305499)] [ACTION] Using Camera 1...
[13:45:5 (1547574305499)] [MODERATE] Camera 1 failed to open
[13:45:5 (1547574305499)] Picture Taking Time: 775ms
[13:45:5 (1547574305499)] [ACTION] Compressing...
[13:45:5 (1547574305528)] [ACTION] Camera 0 Success! Saved at Pictures/2019-1-15 (C1).jpeg
[13:45:5 (1547574305528)] END OF RUNTIME
[13:45:5 (1547574305529)] Runtime: 805ms - Error Count: 1

[13:53:22 (1547574802379)] START OF RUNTIME
[13:53:22 (1547574802379)] [ACTION] Target file path is Pictures/2019-1-15.
[13:53:22 (1547574802379)] [ACTION] Taking pictures...
[13:53:22 (1547574802379)] [ACTION] Using Camera 0...
[13:53:23 (1547574803166)] [ACTION] Camera 0 frame grab
[13:53:23 (1547574803166)] Picture Taking Time: 788ms
[13:53:23 (1547574803166)] [ACTION] Compressing...
[13:53:35 (1547574815470)] START OF RUNTIME
[13:53:35 (1547574815470)] [ACTION] Target file path is Pictures/2019-1-15.
[13:53:35 (1547574815471)] [ACTION] Taking pictures...
[13:53:35 (1547574815471)] [ACTION] Using Camera 0...
[13:53:36 (1547574816313)] [ACTION] Camera 0 frame grab
[13:53:36 (1547574816313)] Picture Taking Time: 845ms
[13:53:36 (1547574816313)] [ACTION] Compressing...
[13:53:46 (1547574826370)] START OF RUNTIME
[13:53:46 (1547574826370)] [ACTION] Target file path is Pictures/2019-1-15.
[13:53:46 (1547574826370)] [ACTION] Taking pictures...
[13:53:46 (1547574826370)] [ACTION] Using Camera 0...
[13:53:47 (1547574827210)] [ACTION] Camera 0 frame grab
[13:53:47 (1547574827210)] [ACTION] Using NIR...
[13:53:47 (1547574827210)] [MODERATE] Camera 1 failed to open
[13:53:47 (1547574827210)] Picture Taking Time: 842ms
[13:53:47 (1547574827210)] [ACTION] Compressing...
[13:54:7 (1547574847860)] START OF RUNTIME
[13:54:7 (1547574847860)] [ACTION] Target file path is Pictures/2019-1-15.
[13:54:7 (1547574847860)] [ACTION] Taking pictures...
[13:54:7 (1547574847860)] [ACTION] Using Camera 0...
[13:54:8 (1547574848792)] [ACTION] Camera 0 frame grab
[13:54:8 (1547574848792)] [ACTION] Using NIR...
[13:54:8 (1547574848792)] [MODERATE] Camera 1 failed to open
[13:54:8 (1547574848792)] Picture Taking Time: 933ms
[13:54:8 (1547574848792)] [ACTION] Compressing...
[13:54:37 (1547574877127)] START OF RUNTIME
[13:54:37 (1547574877127)] [ACTION] Target file path is Pictures/2019-1-15.
[13:54:37 (1547574877127)] [ACTION] Taking pictures...
[13:54:37 (1547574877127)] [ACTION] Using Camera 0...
[13:54:37 (1547574877964)] [ACTION] Camera 0 frame grab
[13:54:37 (1547574877964)] [ACTION] Using NIR...
[13:54:37 (1547574877964)] [MODERATE] Camera 1 failed to open
[13:54:37 (1547574877964)] Picture Taking Time: 838ms
[13:54:37 (1547574877964)] [ACTION] Compressing...
[13:54:43 (1547574883527)] START OF RUNTIME
[13:54:43 (1547574883527)] [ACTION] Target file path is Pictures/2019-1-15.
[13:54:43 (1547574883527)] [ACTION] Taking pictures...
[13:54:43 (1547574883527)] [ACTION] Using Camera 0...
[13:54:44 (1547574884334)] [ACTION] Camera 0 frame grab
[13:54:44 (1547574884334)] [ACTION] Using NIR...
[13:54:44 (1547574884334)] [MODERATE] Camera 1 failed to open
[13:54:44 (1547574884334)] Picture Taking Time: 809ms
[13:54:44 (1547574884334)] [ACTION] Compressing...
[13:55:28 (1547574928207)] START OF RUNTIME
[13:55:28 (1547574928207)] [ACTION] Target file path is Pictures/2019-1-15.
[13:55:28 (1547574928207)] [ACTION] Taking pictures...
[13:55:28 (1547574928207)] [ACTION] Using Camera 0...
[13:55:29 (1547574929045)] [ACTION] Camera 0 frame grab
[13:55:29 (1547574929045)] [ACTION] Using NIR...
[13:55:29 (1547574929045)] [MODERATE] Camera 1 failed to open
[13:55:29 (1547574929045)] Picture Taking Time: 839ms
[13:55:29 (1547574929045)] [ACTION] Compressing...
[13:57:12 (1547575032036)] START OF RUNTIME
[13:57:12 (1547575032036)] [ACTION] Target file path is Pictures/2019-1-15.
[13:57:12 (1547575032036)] [ACTION] Taking pictures...
[13:57:12 (1547575032037)] [ACTION] Using Camera 0...
[13:57:12 (1547575032861)] [ACTION] Camera 0 frame grab
[13:57:12 (1547575032861)] [ACTION] Using NIR...
[13:57:12 (1547575032861)] [MODERATE] Camera 1 failed to open
[13:57:12 (1547575032861)] Picture Taking Time: 828ms
[13:57:12 (1547575032861)] [ACTION] Compressing...
[13:57:13 (1547575033076)] [ACTION] Camera 0 Success! Saved at Pictures/2019-1-15 (C1).
[13:57:13 (1547575033076)] END OF RUNTIME
[13:57:13 (1547575033076)] Runtime: 1043ms - Error Count: 1

[13:59:32 (1547575172135)] START OF RUNTIME
[13:59:32 (1547575172136)] [ACTION] Target file path is Pictures/2019-1-15.
[13:59:32 (1547575172136)] [ACTION] Taking pictures...
[13:59:32 (1547575172136)] [ACTION] Using Camera 0...
[13:59:32 (1547575172956)] [ACTION] Camera 0 frame grab
[13:59:32 (1547575172957)] [ACTION] Using NIR...
[13:59:32 (1547575172957)] [MODERATE] Camera 1 failed to open
[13:59:32 (1547575172957)] Picture Taking Time: 823ms
[13:59:32 (1547575172957)] [ACTION] Compressing...
[13:59:33 (1547575173163)] [ACTION] Camera 0 Success! Saved at Pictures/2019-1-15 (C1).
[13:59:33 (1547575173163)] END OF RUNTIME
[13:59:33 (1547575173163)] Runtime: 1029ms - Error Count: 1

[13:59:50 (1547575190930)] START OF RUNTIME
[13:59:50 (1547575190930)] [ACTION] Target file path is Pictures/2019-1-15.
[13:59:50 (1547575190930)] [ACTION] Taking pictures...
[13:59:50 (1547575190930)] [ACTION] Using Camera 0...
[13:59:51 (1547575191751)] [ACTION] Camera 0 frame grab
[13:59:51 (1547575191752)] [ACTION] Using NIR...
[13:59:51 (1547575191752)] [MODERATE] Camera 1 failed to open
[13:59:51 (1547575191752)] Picture Taking Time: 822ms
[13:59:51 (1547575191752)] [ACTION] Compressing...
[14:2:42 (1547575362284)] START OF RUNTIME
[14:2:42 (1547575362284)] [ACTION] Target file path is Pictures/2019-1-15.
[14:2:42 (1547575362284)] [ACTION] Taking pictures...
[14:2:42 (1547575362285)] [ACTION] Using Camera 0...
[14:2:43 (1547575363158)] [ACTION] Camera 0 frame grab
[14:2:43 (1547575363158)] [ACTION] Using NIR...
[14:2:43 (1547575363159)] [MODERATE] Camera 1 failed to open
[14:2:43 (1547575363159)] Picture Taking Time: 878ms
[14:2:43 (1547575363159)] [ACTION] Compressing...
[14:2:43 (1547575363342)] [ACTION] Camera 0 Success! Saved at Pictures/2019-1-15 (C1).
[14:2:43 (1547575363342)] END OF RUNTIME
[14:2:43 (1547575363342)] Runtime: 1061ms - Error Count: 1

[14:3:14 (1547575394375)] START OF RUNTIME
[14:3:14 (1547575394375)] [ACTION] Target file path is Pictures/2019-1-15.
[14:3:14 (1547575394375)] [ACTION] Taking pictures...
[14:3:14 (1547575394375)] [ACTION] Using Camera 0...
[14:3:15 (1547575395226)] [ACTION] Camera 0 frame grab
[14:3:15 (1547575395226)] [ACTION] Using NIR...
[14:3:15 (1547575395227)] [MODERATE] Camera 1 failed to open
[14:3:15 (1547575395227)] Picture Taking Time: 853ms
[14:3:15 (1547575395227)] [ACTION] Compressing...
[14:4:46 (1547575486092)] START OF RUNTIME
[14:4:46 (1547575486092)] [ACTION] Target file path is Pictures/2019-1-15.
[14:4:46 (1547575486092)] [ACTION] Taking pictures...
[14:4:46 (1547575486093)] [ACTION] Using Camera 0...
[14:4:47 (1547575487040)] [ACTION] Camera 0 frame grab
[14:4:47 (1547575487041)] [ACTION] Using NIR...
[14:4:47 (1547575487041)] [MODERATE] Camera 1 failed to open
[14:4:47 (1547575487041)] Picture Taking Time: 954ms
[14:4:47 (1547575487041)] [ACTION] Compressing...
[14:4:47 (1547575487589)] [ACTION] Camera 0 Success! Saved at Pictures/2019-1-15 (C1).
[14:4:47 (1547575487589)] END OF RUNTIME
[14:4:47 (1547575487589)] Runtime: 1502ms - Error Count: 1

[14:7:2 (1547575622108)] START OF RUNTIME
[14:7:2 (1547575622109)] [ACTION] Target file path is Pictures/2019-1-15.
[14:7:2 (1547575622109)] [ACTION] Taking pictures...
[14:7:2 (1547575622109)] [ACTION] Using Camera 0...
[14:7:2 (1547575622933)] [ACTION] Camera 0 frame grab
[14:7:2 (1547575622934)] [ACTION] Using NIR...
[14:7:2 (1547575622934)] [MODERATE] Camera 1 failed to open
[14:7:2 (1547575622934)] Picture Taking Time: 829ms
[14:7:2 (1547575622934)] [ACTION] Compressing...
[14:7:3 (1547575623144)] [ACTION] Camera 0 Success! Saved at Pictures/2019-1-15 (C1).
[14:7:3 (1547575623145)] END OF RUNTIME
[14:7:3 (1547575623145)] Runtime: 1040ms - Error Count: 1

[14:8:40 (1547575720575)] START OF RUNTIME
[14:8:40 (1547575720575)] [ACTION] Target file path is Pictures/2019-1-15.
[14:8:40 (1547575720575)] [ACTION] Taking pictures...
[14:8:40 (1547575720575)] [ACTION] Using Camera 0...
[14:8:41 (1547575721366)] [ACTION] Camera 0 frame grab
[14:8:41 (1547575721366)] [ACTION] Using NIR...
[14:8:41 (1547575721366)] [MODERATE] Camera 1 failed to open
[14:8:41 (1547575721366)] Picture Taking Time: 794ms
[14:8:41 (1547575721366)] [ACTION] Compressing...
[14:8:41 (1547575721564)] [ACTION] Camera 0 Success! Saved at Pictures/2019-1-15 (C1).
[14:8:41 (1547575721564)] END OF RUNTIME
[14:8:41 (1547575721564)] Runtime: 992ms - Error Count: 1

[14:46:25 (1547577985649)] START OF RUNTIME
[14:46:25 (1547577985649)] [ACTION] Target file path is Pictures/2019-1-15.
[14:46:25 (1547577985649)] [ACTION] Taking pictures...
[14:46:25 (1547577985649)] [ACTION] Using Camera 0...
[14:46:26 (1547577986544)] [ACTION] Camera 0 frame grab
[14:46:26 (1547577986544)] [ACTION] Using NIR...
[14:46:26 (1547577986544)] [MODERATE] Camera 1 failed to open
[14:46:26 (1547577986544)] Picture Taking Time: 897ms
[14:46:26 (1547577986544)] [ACTION] Compressing...
[14:46:26 (1547577986736)] [ACTION] Camera 0 Success! Saved at Pictures/2019-1-15 (C1).
[14:46:26 (1547577986736)] END OF RUNTIME
[14:46:26 (1547577986736)] Runtime: 1089ms - Error Count: 1

[15:13:55 (1547579635813)] START OF RUNTIME
[15:13:55 (1547579635814)] [ACTION] Target file path is Pictures/2019-1-15.
[15:13:55 (1547579635814)] [ACTION] Taking pictures...
[15:13:55 (1547579635814)] [ACTION] Using Camera 0...
[15:13:56 (1547579636752)] [ACTION] Camera 0 frame grab
[15:13:56 (1547579636752)] [ACTION] Using NIR...
[15:13:56 (1547579636755)] [MODERATE] Camera 1 failed to open
[15:13:56 (1547579636755)] Picture Taking Time: 943ms
[15:13:56 (1547579636755)] [ACTION] Compressing...
[15:13:56 (1547579636926)] [ACTION] Camera 0 Success! Saved at Pictures/2019-1-15 (C1).
[15:13:56 (1547579636926)] END OF RUNTIME
[15:13:56 (1547579636926)] Runtime: 1114ms - Error Count: 1

