[15:57:38 (1547150258953)] START OF RUNTIME
[15:57:38 (1547150258953)] [ACTION] Taking pictures...
[15:57:38 (1547150258953)] [ACTION] Using Camera 0...
[15:57:39 (1547150259700)] [ACTION] Camera 0 frame grab
[15:57:39 (1547150259700)] [ACTION] Using Camera 1...
[15:57:39 (1547150259700)] [MODERATE] Camera 1 failed to open
[15:57:39 (1547150259700)] Picture Taking Time: 748ms
[15:57:39 (1547150259700)] [ACTION] Compressing...
[15:57:39 (1547150259727)] [ACTION] Camera 0 Success! Saved at Pictures/2019-1-10 (C1).jpeg
[15:57:39 (1547150259727)] END OF RUNTIME
[15:57:39 (1547150259727)] Runtime: 775ms - Error Count: 1

[15:58:49 (1547150329284)] START OF RUNTIME
[15:58:49 (1547150329284)] [ACTION] Taking pictures...
[15:58:49 (1547150329284)] [ACTION] Using Camera 0...
[15:58:50 (1547150330030)] [ACTION] Camera 0 frame grab
[15:58:50 (1547150330030)] Picture Taking Time: 746ms
[15:58:50 (1547150330030)] [ACTION] Compressing...
[15:58:50 (1547150330057)] [ACTION] Camera 0 Success! Saved at Pictures/2019-1-10 (C1).jpeg
[15:58:50 (1547150330057)] END OF RUNTIME
[15:58:50 (1547150330057)] Runtime: 773ms - Error Count: 0

[16:0:41 (1547150441991)] START OF RUNTIME
[16:0:41 (1547150441991)] [ACTION] Taking pictures...
[16:0:41 (1547150441991)] [ACTION] Using Camera 1...
[16:0:42 (1547150442027)] [MODERATE] Camera 1 failed to open
[16:0:42 (1547150442027)] Picture Taking Time: 36ms
[16:0:42 (1547150442027)] [ACTION] Compressing...
[16:0:42 (1547150442027)] END OF RUNTIME
[16:0:42 (1547150442027)] Runtime: 36ms - Error Count: 1

[16:0:50 (1547150450927)] START OF RUNTIME
[16:0:50 (1547150450927)] [ACTION] Taking pictures...
[16:0:50 (1547150450927)] [ACTION] Using Camera 0...
[16:0:51 (1547150451707)] [ACTION] Camera 0 frame grab
[16:0:51 (1547150451707)] Picture Taking Time: 780ms
[16:0:51 (1547150451707)] [ACTION] Compressing...
[16:0:51 (1547150451764)] [ACTION] Camera 0 Success! Saved at Pictures/2019-1-10 (C1).png
[16:0:51 (1547150451764)] END OF RUNTIME
[16:0:51 (1547150451765)] Runtime: 838ms - Error Count: 0

