[0:24:16 (1556421856816)] START OF RUNTIME
[0:24:16 (1556421856816)] [ACTION] Target file path is Pictures/2019-4-28.jpeg
[0:24:16 (1556421856816)] [ACTION] Taking pictures...
[0:24:16 (1556421856816)] [ACTION] Using Camera 0...
[0:24:17 (1556421857691)] [ACTION] Survived C0
[0:24:17 (1556421857743)] [ACTION] Camera 0 frame grab
[0:24:17 (1556421857743)] [ACTION] Using C1...
[0:24:17 (1556421857744)] [MODERATE] Camera 1 failed to open
[0:24:17 (1556421857744)] Picture Taking Time: 928ms
[0:24:17 (1556421857744)] [ACTION] Compressing...
[0:24:17 (1556421857775)] [ACTION] Camera 0 Success! Saved at Pictures/2019-4-28 (VIS).jpeg
[0:24:17 (1556421857775)] END OF RUNTIME
[0:24:17 (1556421857775)] Runtime: 959ms - Error Count: 1

[0:24:19 (1556421859416)] START OF RUNTIME
[0:24:19 (1556421859416)] [ACTION] Target file path is Pictures/2019-4-28.jpeg
[0:24:19 (1556421859416)] [ACTION] Taking pictures...
[0:24:19 (1556421859416)] [ACTION] Using Camera 0...
[0:24:20 (1556421860222)] [ACTION] Survived C0
[0:24:20 (1556421860266)] [ACTION] Camera 0 frame grab
[0:24:20 (1556421860266)] [ACTION] Using C1...
[0:24:20 (1556421860266)] [MODERATE] Camera 1 failed to open
[0:24:20 (1556421860266)] Picture Taking Time: 851ms
[0:24:20 (1556421860266)] [ACTION] Compressing...
[0:24:20 (1556421860308)] [ACTION] Camera 0 Success! Saved at Pictures/2019-4-28 (VIS).jpeg
[0:24:20 (1556421860308)] END OF RUNTIME
[0:24:20 (1556421860308)] Runtime: 893ms - Error Count: 1

[0:24:21 (1556421861619)] START OF RUNTIME
[0:24:21 (1556421861619)] [ACTION] Target file path is Pictures/2019-4-28.jpeg
[0:24:21 (1556421861619)] [ACTION] Taking pictures...
[0:24:21 (1556421861619)] [ACTION] Using Camera 0...
[0:24:22 (1556421862320)] [ACTION] Survived C0
[0:24:22 (1556421862376)] [ACTION] Camera 0 frame grab
[0:24:22 (1556421862376)] [ACTION] Using C1...
[0:24:22 (1556421862376)] [MODERATE] Camera 1 failed to open
[0:24:22 (1556421862376)] Picture Taking Time: 758ms
[0:24:22 (1556421862376)] [ACTION] Compressing...
[0:24:22 (1556421862404)] [ACTION] Camera 0 Success! Saved at Pictures/2019-4-28 (VIS).jpeg
[0:24:22 (1556421862404)] END OF RUNTIME
[0:24:22 (1556421862404)] Runtime: 786ms - Error Count: 1

[0:24:23 (1556421863889)] START OF RUNTIME
[0:24:23 (1556421863889)] [ACTION] Target file path is Pictures/2019-4-28.jpeg
[0:24:23 (1556421863889)] [ACTION] Taking pictures...
[0:24:23 (1556421863889)] [ACTION] Using Camera 0...
[0:24:24 (1556421864586)] [ACTION] Survived C0
[0:24:24 (1556421864645)] [ACTION] Camera 0 frame grab
[0:24:24 (1556421864645)] [ACTION] Using C1...
[0:24:24 (1556421864645)] [MODERATE] Camera 1 failed to open
[0:24:24 (1556421864645)] Picture Taking Time: 757ms
[0:24:24 (1556421864645)] [ACTION] Compressing...
[0:24:24 (1556421864675)] [ACTION] Camera 0 Success! Saved at Pictures/2019-4-28 (VIS).jpeg
[0:24:24 (1556421864675)] END OF RUNTIME
[0:24:24 (1556421864675)] Runtime: 787ms - Error Count: 1

[0:24:25 (1556421865925)] START OF RUNTIME
[0:24:25 (1556421865925)] [ACTION] Target file path is Pictures/2019-4-28.jpeg
[0:24:25 (1556421865925)] [ACTION] Taking pictures...
[0:24:25 (1556421865925)] [ACTION] Using Camera 0...
[0:24:26 (1556421866639)] [ACTION] Survived C0
[0:24:26 (1556421866695)] [ACTION] Camera 0 frame grab
[0:24:26 (1556421866695)] [ACTION] Using C1...
[0:24:26 (1556421866695)] [MODERATE] Camera 1 failed to open
[0:24:26 (1556421866695)] Picture Taking Time: 771ms
[0:24:26 (1556421866695)] [ACTION] Compressing...
[0:24:26 (1556421866722)] [ACTION] Camera 0 Success! Saved at Pictures/2019-4-28 (VIS).jpeg
[0:24:26 (1556421866722)] END OF RUNTIME
[0:24:26 (1556421866722)] Runtime: 798ms - Error Count: 1

[1:20:3 (1556425203751)] START OF RUNTIME
[1:20:3 (1556425203751)] [ACTION] Target file path is Pictures/2019-4-28.jpeg
[1:20:3 (1556425203751)] [ACTION] Taking pictures...
[1:20:3 (1556425203751)] [ACTION] Using Camera 0...
[1:20:4 (1556425204469)] [ACTION] Survived C0
[1:20:4 (1556425204527)] [ACTION] Camera 0 frame grab
[1:20:4 (1556425204527)] [ACTION] Using C1...
[1:20:4 (1556425204528)] [MODERATE] Camera 1 failed to open
[1:20:4 (1556425204528)] Picture Taking Time: 778ms
[1:20:4 (1556425204528)] [ACTION] Compressing...
[1:20:4 (1556425204556)] [ACTION] Camera 0 Success! Saved at Pictures/2019-4-28 (VIS).jpeg
[1:20:4 (1556425204556)] END OF RUNTIME
[1:20:4 (1556425204556)] Runtime: 806ms - Error Count: 1

[1:20:16 (1556425216781)] START OF RUNTIME
[1:20:16 (1556425216781)] [ACTION] Target file path is Pictures/2019-4-28.jpeg
[1:20:16 (1556425216781)] [ACTION] Taking pictures...
[1:20:16 (1556425216781)] [ACTION] Using Camera 0...
[1:20:17 (1556425217467)] [ACTION] Survived C0
[1:20:17 (1556425217526)] [ACTION] Camera 0 frame grab
[1:20:17 (1556425217526)] [ACTION] Using C1...
[1:20:17 (1556425217526)] [MODERATE] Camera 1 failed to open
[1:20:17 (1556425217526)] Picture Taking Time: 745ms
[1:20:17 (1556425217526)] [ACTION] Compressing...
[1:20:17 (1556425217552)] [ACTION] Camera 0 Success! Saved at Pictures/2019-4-28 (VIS).jpeg
[1:20:17 (1556425217553)] END OF RUNTIME
[1:20:17 (1556425217553)] Runtime: 772ms - Error Count: 1

[1:20:22 (1556425222590)] START OF RUNTIME
[1:20:22 (1556425222590)] [ACTION] Target file path is Pictures/2019-4-28.jpeg
[1:20:22 (1556425222590)] [ACTION] Taking pictures...
[1:20:22 (1556425222590)] [ACTION] Using Camera 0...
[1:20:23 (1556425223290)] [ACTION] Survived C0
[1:20:23 (1556425223359)] [ACTION] Camera 0 frame grab
[1:20:23 (1556425223359)] [ACTION] Using C1...
[1:20:23 (1556425223359)] [MODERATE] Camera 1 failed to open
[1:20:23 (1556425223359)] Picture Taking Time: 769ms
[1:20:23 (1556425223359)] [ACTION] Compressing...
[1:20:23 (1556425223385)] [ACTION] Camera 0 Success! Saved at Pictures/2019-4-28 (VIS).jpeg
[1:20:23 (1556425223385)] END OF RUNTIME
[1:20:23 (1556425223385)] Runtime: 795ms - Error Count: 1

[1:21:25 (1556425285768)] START OF RUNTIME
[1:21:25 (1556425285768)] [ACTION] Target file path is Pictures/2019-4-28.jpeg
[1:21:25 (1556425285768)] [ACTION] Taking pictures...
[1:21:25 (1556425285768)] [ACTION] Using Camera 0...
[1:21:26 (1556425286462)] [ACTION] Survived C0
[1:21:26 (1556425286564)] [ACTION] Camera 0 frame grab
[1:21:26 (1556425286564)] [ACTION] Using C1...
[1:21:26 (1556425286564)] [MODERATE] Camera 1 failed to open
[1:21:26 (1556425286564)] Picture Taking Time: 796ms
[1:21:26 (1556425286564)] [ACTION] Compressing...
[1:21:26 (1556425286587)] [ACTION] Camera 0 Success! Saved at Pictures/2019-4-28 (VIS).jpeg
[1:21:26 (1556425286587)] END OF RUNTIME
[1:21:26 (1556425286587)] Runtime: 819ms - Error Count: 1

[1:22:5 (1556425325851)] START OF RUNTIME
[1:22:5 (1556425325851)] [ACTION] Target file path is Pictures/2019-4-28.jpeg
[1:22:5 (1556425325851)] [ACTION] Taking pictures...
[1:22:5 (1556425325851)] [ACTION] Using Camera 0...
[1:22:6 (1556425326551)] [ACTION] Survived C0
[1:22:6 (1556425326654)] [ACTION] Camera 0 frame grab
[1:22:6 (1556425326654)] [ACTION] Using C1...
[1:22:6 (1556425326654)] [MODERATE] Camera 1 failed to open
[1:22:6 (1556425326654)] Picture Taking Time: 803ms
[1:22:6 (1556425326654)] [ACTION] Compressing...
[1:22:6 (1556425326678)] [ACTION] Camera 0 Success! Saved at Pictures/2019-4-28 (VIS).jpeg
[1:22:6 (1556425326678)] END OF RUNTIME
[1:22:6 (1556425326678)] Runtime: 827ms - Error Count: 1

