[10:51:7 (1547477467587)] START OF RUNTIME
[10:51:7 (1547477467587)] [ACTION] Taking pictures...
[10:51:7 (1547477467587)] [ACTION] Using Camera 0...
[10:51:8 (1547477468387)] [ACTION] Camera 0 frame grab
[10:51:8 (1547477468387)] [ACTION] Using Camera 1...
[10:51:8 (1547477468387)] [MODERATE] Camera 1 failed to open
[10:51:8 (1547477468387)] Picture Taking Time: 801ms
[10:51:8 (1547477468387)] [ACTION] Compressing...
[10:51:8 (1547477468416)] [ACTION] Camera 0 Success! Saved at Pictures/2019-1-14 (C1).jpeg
[10:51:8 (1547477468416)] END OF RUNTIME
[10:51:8 (1547477468416)] Runtime: 830ms - Error Count: 1

[21:40:31 (1547516431315)] START OF RUNTIME
[21:40:31 (1547516431316)] [ACTION] Taking pictures...
[21:40:31 (1547516431316)] [ACTION] Using Camera 0...
[21:40:32 (1547516432144)] [ACTION] Camera 0 frame grab
[21:40:32 (1547516432144)] [ACTION] Using Camera 1...
[21:40:32 (1547516432144)] [MODERATE] Camera 1 failed to open
[21:40:32 (1547516432144)] Picture Taking Time: 829ms
[21:40:32 (1547516432144)] [ACTION] Compressing...
[21:40:32 (1547516432167)] [ACTION] Camera 0 Success! Saved at Pictures/2019-1-14 (C1).jpeg
[21:40:32 (1547516432167)] END OF RUNTIME
[21:40:32 (1547516432167)] Runtime: 852ms - Error Count: 1

[21:54:15 (1547517255853)] START OF RUNTIME
[21:54:15 (1547517255854)] [ACTION] Taking pictures...
[21:54:15 (1547517255854)] [ACTION] Using Camera 0...
[21:54:16 (1547517256651)] [ACTION] Camera 0 frame grab
[21:54:16 (1547517256651)] [ACTION] Using Camera 1...
[21:54:16 (1547517256651)] [MODERATE] Camera 1 failed to open
[21:54:16 (1547517256651)] Picture Taking Time: 798ms
[21:54:16 (1547517256651)] [ACTION] Compressing...
[21:54:16 (1547517256672)] [ACTION] Camera 0 Success! Saved at Pictures/2019-1-14 (C1).jpeg
[21:54:16 (1547517256672)] END OF RUNTIME
[21:54:16 (1547517256672)] Runtime: 819ms - Error Count: 1

