[17:50:25 (1547329825992)] START OF RUNTIME
[17:50:25 (1547329825992)] [ACTION] Taking pictures...
[17:50:25 (1547329825992)] [ACTION] Using Camera 0...
[17:50:26 (1547329826836)] [ACTION] Camera 0 frame grab
[17:50:26 (1547329826836)] [ACTION] Using Camera 1...
[17:50:26 (1547329826836)] [MODERATE] Camera 1 failed to open
[17:50:26 (1547329826836)] Picture Taking Time: 845ms
[17:50:26 (1547329826836)] [ACTION] Compressing...
[17:50:26 (1547329826865)] [ACTION] Camera 0 Success! Saved at Pictures/2019-1-12 (C1).jpeg
[17:50:26 (1547329826865)] END OF RUNTIME
[17:50:26 (1547329826865)] Runtime: 874ms - Error Count: 1

[17:50:40 (1547329840877)] START OF RUNTIME
[17:50:40 (1547329840877)] [ACTION] Taking pictures...
[17:50:40 (1547329840877)] [ACTION] Using Camera 0...
[17:50:41 (1547329841653)] [ACTION] Camera 0 frame grab
[17:50:41 (1547329841653)] [ACTION] Using Camera 1...
[17:50:41 (1547329841653)] [MODERATE] Camera 1 failed to open
[17:50:41 (1547329841653)] Picture Taking Time: 776ms
[17:50:41 (1547329841653)] [ACTION] Compressing...
[17:50:41 (1547329841704)] [ACTION] Camera 0 Success! Saved at Pictures/2019-1-12 (C1).png
[17:50:41 (1547329841704)] END OF RUNTIME
[17:50:41 (1547329841704)] Runtime: 827ms - Error Count: 1

[17:51:50 (1547329910060)] START OF RUNTIME
[17:51:50 (1547329910060)] [ACTION] Taking pictures...
[17:51:50 (1547329910060)] [ACTION] Using Camera 0...
[17:51:50 (1547329910845)] [ACTION] Camera 0 frame grab
[17:51:50 (1547329910845)] [ACTION] Using Camera 1...
[17:51:50 (1547329910845)] [MODERATE] Camera 1 failed to open
[17:51:50 (1547329910845)] Picture Taking Time: 786ms
[17:51:50 (1547329910845)] [ACTION] Compressing...
[17:51:50 (1547329910873)] [ACTION] Camera 0 Success! Saved at Pictures/2019-1-12 (C1).jpeg
[17:51:50 (1547329910873)] END OF RUNTIME
[17:51:50 (1547329910873)] Runtime: 814ms - Error Count: 1

[17:51:55 (1547329915427)] START OF RUNTIME
[17:51:55 (1547329915427)] [ACTION] Taking pictures...
[17:51:55 (1547329915427)] [ACTION] Using Camera 0...
[17:51:56 (1547329916199)] [ACTION] Camera 0 frame grab
[17:51:56 (1547329916199)] [ACTION] Using Camera 1...
[17:51:56 (1547329916200)] [MODERATE] Camera 1 failed to open
[17:51:56 (1547329916200)] Picture Taking Time: 773ms
[17:51:56 (1547329916200)] [ACTION] Compressing...
[17:51:56 (1547329916253)] [ACTION] Camera 0 Success! Saved at Pictures/2019-1-12 (C1).png
[17:51:56 (1547329916253)] END OF RUNTIME
[17:51:56 (1547329916253)] Runtime: 826ms - Error Count: 1

