[20:54:12 (1556754852893)] START OF RUNTIME
[20:54:12 (1556754852893)] --------------------------------
[20:54:12 (1556754852893)] [ACTION] SETTINGS
[20:54:12 (1556754852893)] Date: 2019-5-1
[20:54:12 (1556754852893)] Quiet Mode: 0
[20:54:12 (1556754852893)] Ignore Status: 0
[20:54:12 (1556754852893)] File Path: Pictures/
[20:54:12 (1556754852893)] File Name: 2019-5-1
[20:54:12 (1556754852893)] Compression: jpeg
[20:54:12 (1556754852893)] Quality Setting: 95
[20:54:12 (1556754852893)] --------------------------------
[20:54:12 (1556754852893)] [ACTION] Taking pictures...
[20:54:12 (1556754852893)] [ACTION] Using Camera 0...
[20:54:13 (1556754853717)] [ACTION] Camera 0 frame start
[20:54:13 (1556754853792)] [ACTION] Camera 0 frame grab
[20:54:13 (1556754853793)] [ACTION] Using C1...
[20:54:13 (1556754853793)] [MODERATE] Camera 1 failed to open
[20:54:13 (1556754853793)] Picture Taking Time: 900ms
[20:54:13 (1556754853793)] [ACTION] Compressing...
[20:54:13 (1556754853809)] [ACTION] Camera 0 Success! Saved at Pictures/2019-5-1 (VIS).jpeg
[20:54:13 (1556754853809)] END OF RUNTIME
[20:54:13 (1556754853809)] Runtime: 916ms - Error Count: 1

[20:54:17 (1556754857097)] START OF RUNTIME
[20:54:17 (1556754857097)] --------------------------------
[20:54:17 (1556754857097)] [ACTION] SETTINGS
[20:54:17 (1556754857097)] Date: 2019-5-1
[20:54:17 (1556754857097)] Quiet Mode: 0
[20:54:17 (1556754857097)] Ignore Status: 0
[20:54:17 (1556754857097)] File Path: Pictures/
[20:54:17 (1556754857097)] File Name: 2019-5-1
[20:54:17 (1556754857097)] Compression: jpeg
[20:54:17 (1556754857097)] Quality Setting: 95
[20:54:17 (1556754857097)] --------------------------------
[20:54:17 (1556754857097)] [ACTION] Taking pictures...
[20:54:17 (1556754857097)] [ACTION] Using Camera 0...
[20:54:17 (1556754857782)] [ACTION] Camera 0 frame start
[20:54:17 (1556754857880)] [ACTION] Camera 0 frame grab
[20:54:17 (1556754857880)] [ACTION] Using C1...
[20:54:17 (1556754857880)] [MODERATE] Camera 1 failed to open
[20:54:17 (1556754857880)] Picture Taking Time: 784ms
[20:54:17 (1556754857880)] [ACTION] Compressing...
[20:54:17 (1556754857893)] [ACTION] Camera 0 Success! Saved at Pictures/2019-5-1 (VIS).jpeg
[20:54:17 (1556754857894)] END OF RUNTIME
[20:54:17 (1556754857894)] Runtime: 798ms - Error Count: 1

[20:54:19 (1556754859205)] START OF RUNTIME
[20:54:19 (1556754859205)] --------------------------------
[20:54:19 (1556754859205)] [ACTION] SETTINGS
[20:54:19 (1556754859205)] Date: 2019-5-1
[20:54:19 (1556754859205)] Quiet Mode: 0
[20:54:19 (1556754859205)] Ignore Status: 0
[20:54:19 (1556754859205)] File Path: Pictures/
[20:54:19 (1556754859205)] File Name: 2019-5-1
[20:54:19 (1556754859205)] Compression: jpeg
[20:54:19 (1556754859205)] Quality Setting: 95
[20:54:19 (1556754859205)] --------------------------------
[20:54:19 (1556754859205)] [ACTION] Taking pictures...
[20:54:19 (1556754859205)] [ACTION] Using Camera 0...
[20:54:19 (1556754859895)] [ACTION] Camera 0 frame start
[20:54:19 (1556754859995)] [ACTION] Camera 0 frame grab
[20:54:19 (1556754859995)] [ACTION] Using C1...
[20:54:19 (1556754859995)] [MODERATE] Camera 1 failed to open
[20:54:19 (1556754859995)] Picture Taking Time: 791ms
[20:54:19 (1556754859995)] [ACTION] Compressing...
[20:54:20 (1556754860008)] [ACTION] Camera 0 Success! Saved at Pictures/2019-5-1 (VIS).jpeg
[20:54:20 (1556754860008)] END OF RUNTIME
[20:54:20 (1556754860009)] Runtime: 805ms - Error Count: 1

[20:54:21 (1556754861861)] START OF RUNTIME
[20:54:21 (1556754861861)] --------------------------------
[20:54:21 (1556754861861)] [ACTION] SETTINGS
[20:54:21 (1556754861861)] Date: 2019-5-1
[20:54:21 (1556754861861)] Quiet Mode: 0
[20:54:21 (1556754861861)] Ignore Status: 0
[20:54:21 (1556754861861)] File Path: Pictures/
[20:54:21 (1556754861861)] File Name: 2019-5-1
[20:54:21 (1556754861861)] Compression: jpeg
[20:54:21 (1556754861861)] Quality Setting: 95
[20:54:21 (1556754861861)] --------------------------------
[20:54:21 (1556754861861)] [ACTION] Taking pictures...
[20:54:21 (1556754861861)] [ACTION] Using Camera 0...
[20:54:22 (1556754862553)] [ACTION] Camera 0 frame start
[20:54:22 (1556754862655)] [ACTION] Camera 0 frame grab
[20:54:22 (1556754862655)] [ACTION] Using C1...
[20:54:22 (1556754862656)] [MODERATE] Camera 1 failed to open
[20:54:22 (1556754862656)] Picture Taking Time: 795ms
[20:54:22 (1556754862656)] [ACTION] Compressing...
[20:54:22 (1556754862670)] [ACTION] Camera 0 Success! Saved at Pictures/2019-5-1 (VIS).jpeg
[20:54:22 (1556754862670)] END OF RUNTIME
[20:54:22 (1556754862670)] Runtime: 809ms - Error Count: 1

[20:54:29 (1556754869672)] START OF RUNTIME
[20:54:29 (1556754869672)] --------------------------------
[20:54:29 (1556754869672)] [ACTION] SETTINGS
[20:54:29 (1556754869672)] Date: 2019-5-1
[20:54:29 (1556754869672)] Quiet Mode: 0
[20:54:29 (1556754869672)] Ignore Status: 0
[20:54:29 (1556754869672)] File Path: Pictures/
[20:54:29 (1556754869672)] File Name: 2019-5-1
[20:54:29 (1556754869672)] Compression: jpeg
[20:54:29 (1556754869672)] Quality Setting: 95
[20:54:29 (1556754869672)] --------------------------------
[20:54:29 (1556754869672)] [ACTION] Taking pictures...
[20:54:29 (1556754869672)] [ACTION] Using Camera 0...
[20:54:30 (1556754870371)] [ACTION] Camera 0 frame start
[20:54:30 (1556754870460)] [ACTION] Camera 0 frame grab
[20:54:30 (1556754870460)] [ACTION] Using C1...
[20:54:30 (1556754870460)] [MODERATE] Camera 1 failed to open
[20:54:30 (1556754870460)] Picture Taking Time: 789ms
[20:54:30 (1556754870460)] [ACTION] Compressing...
[20:54:30 (1556754870474)] [ACTION] Camera 0 Success! Saved at Pictures/2019-5-1 (VIS).jpeg
[20:54:30 (1556754870474)] END OF RUNTIME
[20:54:30 (1556754870474)] Runtime: 803ms - Error Count: 1

[23:17:44 (1556763464988)] START OF RUNTIME
[23:17:44 (1556763464988)] --------------------------------
[23:17:44 (1556763464988)] [ACTION] SETTINGS
[23:17:44 (1556763464988)] Date: 2019-5-1
[23:17:44 (1556763464988)] Quiet Mode: 0
[23:17:44 (1556763464988)] File Path: Pictures/
[23:17:44 (1556763464988)] File Name: 2019-5-1
[23:17:44 (1556763464988)] Compression: jpeg
[23:17:44 (1556763464988)] Quality Setting: 95
[23:17:44 (1556763464988)] --------------------------------
[23:17:44 (1556763464988)] --------------------------------
[23:17:44 (1556763464988)] [ACTION] Using Camera 0...
[23:17:44 (1556763464989)] [MODERATE] Camera not properly initialized
[23:17:44 (1556763464989)] [ACTION] Runtime: 1
[23:17:44 (1556763464989)] --------------------------------
[23:17:44 (1556763464989)] --------------------------------
[23:17:44 (1556763464989)] [ACTION] Using Camera 1...
[23:17:44 (1556763464989)] [MODERATE] Camera not properly initialized
[23:17:44 (1556763464990)] [ACTION] Runtime: 1
[23:17:44 (1556763464990)] --------------------------------
[23:17:44 (1556763464990)] Runtime: 2
[23:17:44 (1556763464990)] 
[23:19:33 (1556763573613)] START OF RUNTIME
[23:19:33 (1556763573613)] --------------------------------
[23:19:33 (1556763573613)] [ACTION] SETTINGS
[23:19:33 (1556763573613)] Date: 2019-5-1
[23:19:33 (1556763573613)] Quiet Mode: 0
[23:19:33 (1556763573613)] File Path: Pictures/
[23:19:33 (1556763573613)] File Name: 2019-5-1
[23:19:33 (1556763573613)] Compression: jpeg
[23:19:33 (1556763573613)] Quality Setting: 95
[23:19:33 (1556763573613)] --------------------------------
[23:19:33 (1556763573613)] --------------------------------
[23:19:33 (1556763573613)] [ACTION] Using Camera 0...
[23:19:33 (1556763573613)] [MODERATE] Camera not properly initialized
[23:19:33 (1556763573613)] [ACTION] Runtime: 0
[23:19:33 (1556763573613)] --------------------------------
[23:19:33 (1556763573613)] --------------------------------
[23:19:33 (1556763573613)] [ACTION] Using Camera 1...
[23:19:33 (1556763573613)] [MODERATE] Camera not properly initialized
[23:19:33 (1556763573613)] [ACTION] Runtime: 0
[23:19:33 (1556763573613)] --------------------------------
[23:19:33 (1556763573613)] Runtime: 1
[23:19:33 (1556763573613)] 
[23:27:17 (1556764037522)] START OF RUNTIME
[23:27:17 (1556764037522)] --------------------------------
[23:27:17 (1556764037522)] [ACTION] SETTINGS
[23:27:17 (1556764037522)] Date: 2019-5-1
[23:27:17 (1556764037522)] Quiet Mode: 0
[23:27:17 (1556764037522)] File Path: Pictures/
[23:27:17 (1556764037522)] File Name: 2019-5-1
[23:27:17 (1556764037522)] Compression: jpeg
[23:27:17 (1556764037522)] Quality Setting: 95
[23:27:17 (1556764037522)] --------------------------------
[23:27:17 (1556764037522)] [ACTION] Initializing camera 0...
[23:27:18 (1556764038257)] [ACTION] Initialized
[23:27:18 (1556764038257)] [ACTION] Initializing camera 1...
[23:27:18 (1556764038257)] [SEVERE] Camera 1 failed to initialize
[23:27:18 (1556764038257)] --------------------------------
[23:27:18 (1556764038257)] [ACTION] Using Camera 0...
[23:27:18 (1556764038278)] [ACTION] Frame grabbed successfully
[23:27:18 (1556764038293)] [ACTION] Compressed successfully! Saved at Pictures/2019-5-1 (C0).jpeg
[23:27:18 (1556764038294)] [ACTION] Runtime: 37
[23:27:18 (1556764038294)] --------------------------------
[23:27:18 (1556764038294)] --------------------------------
[23:27:18 (1556764038294)] [ACTION] Using Camera 1...
[23:27:18 (1556764038294)] [MODERATE] Camera not properly initialized
[23:27:18 (1556764038294)] [ACTION] Runtime: 0
[23:27:18 (1556764038294)] --------------------------------
[23:27:18 (1556764038294)] Runtime: 773ms
[23:27:18 (1556764038294)] 
[23:27:26 (1556764046149)] START OF RUNTIME
[23:27:26 (1556764046150)] --------------------------------
[23:27:26 (1556764046150)] [ACTION] SETTINGS
[23:27:26 (1556764046150)] Date: 2019-5-1
[23:27:26 (1556764046150)] Quiet Mode: 0
[23:27:26 (1556764046150)] File Path: Pictures/
[23:27:26 (1556764046150)] File Name: 2019-5-1
[23:27:26 (1556764046150)] Compression: jpeg
[23:27:26 (1556764046150)] Quality Setting: 95
[23:27:26 (1556764046150)] --------------------------------
[23:27:26 (1556764046150)] [ACTION] Initializing camera 0...
[23:27:26 (1556764046842)] [ACTION] Initialized
[23:27:26 (1556764046842)] [ACTION] Initializing camera 1...
[23:27:26 (1556764046842)] [SEVERE] Camera 1 failed to initialize
[23:27:26 (1556764046842)] --------------------------------
[23:27:26 (1556764046842)] [ACTION] Using Camera 0...
[23:27:26 (1556764046866)] [ACTION] Frame grabbed successfully
[23:27:26 (1556764046881)] [ACTION] Compressed successfully! Saved at Pictures/2019-5-1 (C0).jpeg
[23:27:26 (1556764046881)] [ACTION] Runtime: 39
[23:27:26 (1556764046881)] --------------------------------
[23:27:26 (1556764046881)] --------------------------------
[23:27:26 (1556764046881)] [ACTION] Using Camera 1...
[23:27:26 (1556764046881)] [MODERATE] Camera not properly initialized
[23:27:26 (1556764046881)] [ACTION] Runtime: 0
[23:27:26 (1556764046881)] --------------------------------
[23:27:26 (1556764046881)] Runtime: 732ms
[23:27:26 (1556764046881)] 
[23:42:4 (1556764924167)] START OF RUNTIME
[23:42:4 (1556764924167)] --------------------------------
[23:42:4 (1556764924167)] [ACTION] SETTINGS
[23:42:4 (1556764924167)] Date: 2019-5-1
[23:42:4 (1556764924167)] Quiet Mode: 0
[23:42:4 (1556764924167)] File Path: Pictures/
[23:42:4 (1556764924167)] File Name: 2019-5-1
[23:42:4 (1556764924167)] Compression: jpeg
[23:42:4 (1556764924167)] Quality Setting: 95
[23:42:4 (1556764924167)] --------------------------------
[23:42:4 (1556764924167)] [ACTION] Initializing camera 0...
[23:42:4 (1556764924854)] [ACTION] Initialized
[23:42:4 (1556764924854)] [ACTION] Initializing camera 1...
[23:42:4 (1556764924854)] [SEVERE] Camera 1 failed to initialize
[23:42:4 (1556764924854)] --------------------------------
[23:42:4 (1556764924854)] [ACTION] Using Camera 0...
[23:42:4 (1556764924889)] [ACTION] Frame grabbed successfully
[23:42:4 (1556764924903)] [ACTION] Compressed successfully! Saved at Pictures/2019-5-1 (C0).jpeg
[23:42:4 (1556764924903)] [ACTION] Runtime: 49
[23:42:4 (1556764924903)] --------------------------------
[23:42:4 (1556764924903)] --------------------------------
[23:42:4 (1556764924903)] [ACTION] Using Camera 1...
[23:42:4 (1556764924903)] [MODERATE] Camera not properly initialized
[23:42:4 (1556764924903)] [ACTION] Runtime: 0
[23:42:4 (1556764924903)] --------------------------------
[23:42:4 (1556764924903)] 
[23:42:4 (1556764924903)] --------------------------------



[23:42:4 (1556764924903)] --------------------------------
[23:42:4 (1556764924904)] 
[23:46:27 (1556765187073)] START OF RUNTIME
[23:46:27 (1556765187074)] --------------------------------
[23:46:27 (1556765187074)] [ACTION] SETTINGS
[23:46:27 (1556765187074)] Date: 2019-5-1
[23:46:27 (1556765187074)] Quiet Mode: 0
[23:46:27 (1556765187074)] File Path: Pictures/
[23:46:27 (1556765187074)] File Name: 2019-5-1
[23:46:27 (1556765187074)] Compression: jpeg
[23:46:27 (1556765187074)] Quality Setting: 95
[23:46:27 (1556765187074)] --------------------------------
[23:46:27 (1556765187074)] [ACTION] Initializing camera 0...
[23:46:27 (1556765187780)] [ACTION] Initialized
[23:46:27 (1556765187780)] [ACTION] Initializing camera 1...
[23:46:27 (1556765187780)] [SEVERE] Camera 1 failed to initialize
[23:46:27 (1556765187780)] --------------------------------
[23:46:27 (1556765187780)] [ACTION] Using Camera 0...
[23:46:27 (1556765187801)] [ACTION] Frame grabbed successfully
[23:46:27 (1556765187819)] [ACTION] Compressed successfully! Saved at Pictures/2019-5-1 (C0).jpeg
[23:46:27 (1556765187820)] [ACTION] Runtime: 40
[23:46:27 (1556765187820)] --------------------------------
[23:46:27 (1556765187820)] --------------------------------
[23:46:27 (1556765187820)] [ACTION] Using Camera 1...
[23:46:27 (1556765187820)] [MODERATE] Camera not properly initialized
[23:46:27 (1556765187820)] [ACTION] Runtime: 0
[23:46:27 (1556765187820)] --------------------------------
[23:46:27 (1556765187820)] 
[23:46:27 (1556765187820)] --------------------------------



[23:46:27 (1556765187820)] --------------------------------
[23:46:27 (1556765187820)] 
[23:46:36 (1556765196002)] START OF RUNTIME
[23:46:36 (1556765196002)] --------------------------------
[23:46:36 (1556765196002)] [ACTION] SETTINGS
[23:46:36 (1556765196002)] Date: 2019-5-1
[23:46:36 (1556765196002)] Quiet Mode: 0
[23:46:36 (1556765196002)] File Path: Pictures/
[23:46:36 (1556765196002)] File Name: 2019-5-1
[23:46:36 (1556765196002)] Compression: jpeg
[23:46:36 (1556765196002)] Quality Setting: 95
[23:46:36 (1556765196002)] --------------------------------
[23:46:36 (1556765196003)] [ACTION] Initializing camera 0...
[23:46:36 (1556765196704)] [ACTION] Initialized
[23:46:36 (1556765196704)] [ACTION] Initializing camera 1...
[23:46:36 (1556765196704)] [SEVERE] Camera 1 failed to initialize
[23:46:41 (1556765201625)] --------------------------------
[23:46:41 (1556765201625)] [ACTION] Using Camera 0...
[23:46:41 (1556765201692)] [ACTION] Frame grabbed successfully
[23:46:41 (1556765201709)] [ACTION] Compressed successfully! Saved at Pictures/2019-5-1 (C0).jpeg
[23:46:41 (1556765201709)] [ACTION] Runtime: 84
[23:46:41 (1556765201709)] --------------------------------
[23:46:41 (1556765201709)] --------------------------------
[23:46:41 (1556765201709)] [ACTION] Using Camera 1...
[23:46:41 (1556765201709)] [MODERATE] Camera not properly initialized
[23:46:41 (1556765201709)] [ACTION] Runtime: 0
[23:46:41 (1556765201709)] --------------------------------
[23:46:41 (1556765201709)] 
[23:46:41 (1556765201709)] --------------------------------



[23:46:41 (1556765201709)] --------------------------------
[23:46:41 (1556765201709)] 
[23:48:2 (1556765282736)] START OF RUNTIME
[23:48:2 (1556765282736)] --------------------------------
[23:48:2 (1556765282736)] [ACTION] SETTINGS
[23:48:2 (1556765282736)] Date: 2019-5-1
[23:48:2 (1556765282737)] Quiet Mode: 0
[23:48:2 (1556765282737)] File Path: Pictures/
[23:48:2 (1556765282737)] File Name: 2019-5-1
[23:48:2 (1556765282737)] Compression: jpeg
[23:48:2 (1556765282737)] Quality Setting: 95
[23:48:2 (1556765282737)] --------------------------------
[23:48:2 (1556765282737)] [ACTION] Initializing camera 0...
[23:48:3 (1556765283437)] [ACTION] Initialized
[23:48:3 (1556765283437)] [ACTION] Initializing camera 1...
[23:48:3 (1556765283437)] [SEVERE] Camera 1 failed to initialize
[23:48:4 (1556765284802)] --------------------------------
[23:48:4 (1556765284802)] [ACTION] Using Camera 0...
[23:48:4 (1556765284841)] [ACTION] Frame grabbed successfully
[23:48:4 (1556765284858)] [ACTION] Compressed successfully! Saved at Pictures/2019-5-1 (C0).jpeg
[23:48:4 (1556765284858)] [ACTION] Runtime: 56
[23:48:4 (1556765284858)] --------------------------------
[23:48:6 (1556765286176)] --------------------------------
[23:48:6 (1556765286176)] [ACTION] Using Camera 1...
[23:48:6 (1556765286176)] [MODERATE] Camera not properly initialized
[23:48:6 (1556765286176)] [ACTION] Runtime: 0
[23:48:6 (1556765286176)] --------------------------------
[23:48:6 (1556765286176)] 
[23:48:6 (1556765286177)] --------------------------------



[23:48:6 (1556765286177)] --------------------------------
[23:48:6 (1556765286177)] 
[23:53:50 (1556765630157)] START OF RUNTIME
[23:53:50 (1556765630157)] --------------------------------
[23:53:50 (1556765630157)] [ACTION] SETTINGS
[23:53:50 (1556765630157)] Date: 2019-5-1
[23:53:50 (1556765630157)] Quiet Mode: 0
[23:53:50 (1556765630157)] File Path: Pictures/
[23:53:50 (1556765630157)] File Name: 2019-5-1
[23:53:50 (1556765630157)] Compression: jpeg
[23:53:50 (1556765630157)] Quality Setting: 95
[23:53:50 (1556765630157)] --------------------------------
[23:53:50 (1556765630157)] [ACTION] Initializing camera 0...
[23:53:50 (1556765630877)] [ACTION] Initialized
[23:53:50 (1556765630877)] [ACTION] Initializing camera 1...
[23:53:50 (1556765630877)] [SEVERE] Camera 1 failed to initialize
[23:53:52 (1556765632781)] --------------------------------
[23:53:52 (1556765632781)] [ACTION] Using Camera 0...
[23:53:52 (1556765632861)] [ACTION] Frame grabbed successfully
[23:53:52 (1556765632881)] [ACTION] Compressed successfully! Saved at Pictures/2019-5-1 (C0).jpeg
[23:53:52 (1556765632881)] [ACTION] Runtime: 100
[23:53:52 (1556765632881)] --------------------------------
[23:53:53 (1556765633839)] --------------------------------
[23:53:53 (1556765633839)] [ACTION] Using Camera 1...
[23:53:53 (1556765633839)] [MODERATE] Camera not properly initialized
[23:53:53 (1556765633839)] [ACTION] Runtime: 0
[23:53:53 (1556765633839)] --------------------------------
[23:53:53 (1556765633839)] 
[23:53:53 (1556765633839)] --------------------------------



[23:53:53 (1556765633839)] --------------------------------
[23:53:53 (1556765633839)] 
[23:53:56 (1556765636073)] START OF RUNTIME
[23:53:56 (1556765636073)] --------------------------------
[23:53:56 (1556765636073)] [ACTION] SETTINGS
[23:53:56 (1556765636073)] Date: 2019-5-1
[23:53:56 (1556765636073)] Quiet Mode: 0
[23:53:56 (1556765636073)] File Path: Pictures/
[23:53:56 (1556765636073)] File Name: 2019-5-1
[23:53:56 (1556765636073)] Compression: jpeg
[23:53:56 (1556765636073)] Quality Setting: 95
[23:53:56 (1556765636073)] --------------------------------
[23:53:56 (1556765636073)] [ACTION] Initializing camera 0...
[23:53:56 (1556765636782)] [ACTION] Initialized
[23:53:56 (1556765636782)] [ACTION] Initializing camera 1...
[23:53:56 (1556765636782)] [SEVERE] Camera 1 failed to initialize
[23:53:57 (1556765637713)] --------------------------------
[23:53:57 (1556765637713)] [ACTION] Using Camera 0...
[23:53:57 (1556765637767)] [ACTION] Frame grabbed successfully
[23:53:57 (1556765637783)] [ACTION] Compressed successfully! Saved at Pictures/2019-5-1 (C0).jpeg
[23:53:57 (1556765637784)] [ACTION] Runtime: 71
[23:53:57 (1556765637784)] --------------------------------
[23:53:58 (1556765638287)] --------------------------------
[23:53:58 (1556765638287)] [ACTION] Using Camera 1...
[23:53:58 (1556765638287)] [MODERATE] Camera not properly initialized
[23:53:58 (1556765638287)] [ACTION] Runtime: 0
[23:53:58 (1556765638287)] --------------------------------
[23:53:58 (1556765638287)] 
[23:53:58 (1556765638287)] --------------------------------



[23:53:58 (1556765638287)] --------------------------------
[23:53:58 (1556765638287)] 
[23:54:0 (1556765640279)] START OF RUNTIME
[23:54:0 (1556765640279)] --------------------------------
[23:54:0 (1556765640279)] [ACTION] SETTINGS
[23:54:0 (1556765640279)] Date: 2019-5-1
[23:54:0 (1556765640279)] Quiet Mode: 0
[23:54:0 (1556765640279)] File Path: Pictures/
[23:54:0 (1556765640279)] File Name: 2019-5-1
[23:54:0 (1556765640279)] Compression: jpeg
[23:54:0 (1556765640279)] Quality Setting: 95
[23:54:0 (1556765640279)] --------------------------------
[23:54:0 (1556765640279)] [ACTION] Initializing camera 0...
[23:54:0 (1556765640972)] [ACTION] Initialized
[23:54:0 (1556765640972)] [ACTION] Initializing camera 1...
[23:54:0 (1556765640972)] [SEVERE] Camera 1 failed to initialize
[23:54:1 (1556765641287)] --------------------------------
[23:54:1 (1556765641287)] [ACTION] Using Camera 0...
[23:54:1 (1556765641311)] [ACTION] Frame grabbed successfully
[23:54:1 (1556765641334)] [ACTION] Compressed successfully! Saved at Pictures/2019-5-1 (C0).jpeg
[23:54:1 (1556765641335)] [ACTION] Runtime: 47
[23:54:1 (1556765641335)] --------------------------------
[23:54:1 (1556765641912)] --------------------------------
[23:54:1 (1556765641912)] [ACTION] Using Camera 1...
[23:54:1 (1556765641912)] [MODERATE] Camera not properly initialized
[23:54:1 (1556765641912)] [ACTION] Runtime: 0
[23:54:1 (1556765641912)] --------------------------------
[23:54:1 (1556765641912)] 
[23:54:1 (1556765641912)] --------------------------------



[23:54:1 (1556765641912)] --------------------------------
[23:54:1 (1556765641912)] 
[23:54:4 (1556765644452)] START OF RUNTIME
[23:54:4 (1556765644452)] --------------------------------
[23:54:4 (1556765644452)] [ACTION] SETTINGS
[23:54:4 (1556765644452)] Date: 2019-5-1
[23:54:4 (1556765644452)] Quiet Mode: 0
[23:54:4 (1556765644452)] File Path: Pictures/
[23:54:4 (1556765644452)] File Name: 2019-5-1
[23:54:4 (1556765644452)] Compression: jpeg
[23:54:4 (1556765644452)] Quality Setting: 95
[23:54:4 (1556765644452)] --------------------------------
[23:54:4 (1556765644452)] [ACTION] Initializing camera 0...
[23:54:5 (1556765645143)] [ACTION] Initialized
[23:54:5 (1556765645143)] [ACTION] Initializing camera 1...
[23:54:5 (1556765645143)] [SEVERE] Camera 1 failed to initialize
[23:54:5 (1556765645820)] --------------------------------
[23:54:5 (1556765645820)] [ACTION] Using Camera 0...
[23:54:5 (1556765645879)] [ACTION] Frame grabbed successfully
[23:54:5 (1556765645897)] [ACTION] Compressed successfully! Saved at Pictures/2019-5-1 (C0).jpeg
[23:54:5 (1556765645897)] [ACTION] Runtime: 77
[23:54:5 (1556765645897)] --------------------------------
[23:54:6 (1556765646327)] --------------------------------
[23:54:6 (1556765646328)] [ACTION] Using Camera 1...
[23:54:6 (1556765646328)] [MODERATE] Camera not properly initialized
[23:54:6 (1556765646328)] [ACTION] Runtime: 1
[23:54:6 (1556765646328)] --------------------------------
[23:54:6 (1556765646328)] 
[23:54:6 (1556765646328)] --------------------------------



[23:54:6 (1556765646328)] --------------------------------
[23:54:6 (1556765646328)] 
