[20:55:46 (1556927746123)] START OF RUNTIME
[20:55:46 (1556927746123)] --------------------------------
[20:55:46 (1556927746123)] [ACTION] SETTINGS
[20:55:46 (1556927746123)] Date: 2019-5-3
[20:55:46 (1556927746123)] Quiet Mode: 0
[20:55:46 (1556927746123)] File Path: Pictures/
[20:55:46 (1556927746123)] File Name: 2019-5-3
[20:55:46 (1556927746123)] Compression: jpeg
[20:55:46 (1556927746123)] Quality Setting: 95
[20:55:46 (1556927746123)] --------------------------------
[20:55:46 (1556927746123)] 
[20:55:46 (1556927746123)] --------------------------------
[20:55:46 (1556927746123)] [ACTION] Initializing camera 0...
[20:55:46 (1556927746827)] [ACTION] Initialized
[20:55:47 (1556927747425)] --------------------------------
[20:55:47 (1556927747426)] [ACTION] Using Camera 0...
[20:55:47 (1556927747490)] [ACTION] Frame grabbed successfully
[20:55:47 (1556927747504)] [ACTION] Compressed successfully! Saved at Pictures/2019-5-3 (C0).jpeg
[20:55:47 (1556927747505)] [ACTION] Runtime: 80
[20:55:47 (1556927747505)] --------------------------------
[20:55:47 (1556927747505)] 
[20:55:48 (1556927748112)] --------------------------------
[20:55:48 (1556927748112)] [ACTION] Using Camera 1...
[20:55:48 (1556927748112)] [MODERATE] Camera not properly initialized
[20:55:48 (1556927748112)] [ACTION] Runtime: 0
[20:55:48 (1556927748112)] --------------------------------
[20:55:48 (1556927748112)] 
[20:55:48 (1556927748112)] --------------------------------
[20:55:48 (1556927748112)] [SYSTEM] Runtimes: 
[20:55:48 (1556927748112)] [SYSTEM] Initialize Runtime: 705ms
[20:55:48 (1556927748112)] [SYSTEM] Camera0 Runtime: 80ms
[20:55:48 (1556927748112)] [SYSTEM] Camera1 Runtime: 0ms
[20:55:48 (1556927748112)] --------------------------------
[20:55:48 (1556927748112)] 
[20:55:50 (1556927750728)] START OF RUNTIME
[20:55:50 (1556927750728)] --------------------------------
[20:55:50 (1556927750728)] [ACTION] SETTINGS
[20:55:50 (1556927750728)] Date: 2019-5-3
[20:55:50 (1556927750728)] Quiet Mode: 0
[20:55:50 (1556927750728)] File Path: Pictures/
[20:55:50 (1556927750728)] File Name: 2019-5-3
[20:55:50 (1556927750728)] Compression: jpeg
[20:55:50 (1556927750728)] Quality Setting: 95
[20:55:50 (1556927750728)] --------------------------------
[20:55:50 (1556927750728)] 
[20:55:50 (1556927750728)] --------------------------------
[20:55:50 (1556927750728)] [ACTION] Initializing camera 0...
[20:55:51 (1556927751412)] [ACTION] Initialized
[20:55:51 (1556927751652)] --------------------------------
[20:55:51 (1556927751652)] [ACTION] Using Camera 0...
[20:55:51 (1556927751656)] [ACTION] Frame grabbed successfully
[20:55:51 (1556927751672)] [ACTION] Compressed successfully! Saved at Pictures/2019-5-3 (C0).jpeg
[20:55:51 (1556927751672)] [ACTION] Runtime: 20
[20:55:51 (1556927751672)] --------------------------------
[20:55:51 (1556927751672)] 
[20:55:52 (1556927752060)] --------------------------------
[20:55:52 (1556927752060)] [ACTION] Using Camera 1...
[20:55:52 (1556927752060)] [MODERATE] Camera not properly initialized
[20:55:52 (1556927752060)] [ACTION] Runtime: 0
[20:55:52 (1556927752060)] --------------------------------
[20:55:52 (1556927752060)] 
[20:55:52 (1556927752060)] --------------------------------
[20:55:52 (1556927752061)] [SYSTEM] Runtimes: 
[20:55:52 (1556927752061)] [SYSTEM] Initialize Runtime: 685ms
[20:55:52 (1556927752061)] [SYSTEM] Camera0 Runtime: 20ms
[20:55:52 (1556927752061)] [SYSTEM] Camera1 Runtime: 0ms
[20:55:52 (1556927752061)] --------------------------------
[20:55:52 (1556927752061)] 
[20:55:58 (1556927758807)] START OF RUNTIME
[20:55:58 (1556927758807)] --------------------------------
[20:55:58 (1556927758807)] [ACTION] SETTINGS
[20:55:58 (1556927758807)] Date: 2019-5-3
[20:55:58 (1556927758807)] Quiet Mode: 0
[20:55:58 (1556927758807)] File Path: Pictures/
[20:55:58 (1556927758807)] File Name: 2019-5-3
[20:55:58 (1556927758807)] Compression: jpeg
[20:55:58 (1556927758807)] Quality Setting: 95
[20:55:58 (1556927758807)] --------------------------------
[20:55:58 (1556927758807)] 
[20:55:58 (1556927758807)] --------------------------------
[20:55:58 (1556927758807)] [ACTION] Initializing camera 0...
[20:55:59 (1556927759498)] [ACTION] Initialized
[20:55:59 (1556927759766)] --------------------------------
[20:55:59 (1556927759766)] [ACTION] Using Camera 0...
[20:55:59 (1556927759832)] [ACTION] Frame grabbed successfully
[20:55:59 (1556927759846)] [ACTION] Compressed successfully! Saved at Pictures/2019-5-3 (C0).jpeg
[20:55:59 (1556927759846)] [ACTION] Runtime: 80
[20:55:59 (1556927759846)] --------------------------------
[20:55:59 (1556927759846)] 
[20:56:0 (1556927760258)] --------------------------------
[20:56:0 (1556927760258)] [ACTION] Using Camera 1...
[20:56:0 (1556927760258)] [MODERATE] Camera not properly initialized
[20:56:0 (1556927760258)] [ACTION] Runtime: 0
[20:56:0 (1556927760258)] --------------------------------
[20:56:0 (1556927760258)] 
[20:56:0 (1556927760258)] --------------------------------
[20:56:0 (1556927760258)] [SYSTEM] Runtimes: 
[20:56:0 (1556927760258)] [SYSTEM] Initialize Runtime: 692ms
[20:56:0 (1556927760258)] [SYSTEM] Camera0 Runtime: 80ms
[20:56:0 (1556927760258)] [SYSTEM] Camera1 Runtime: 0ms
[20:56:0 (1556927760258)] --------------------------------
[20:56:0 (1556927760258)] 
[20:56:1 (1556927761648)] START OF RUNTIME
[20:56:1 (1556927761648)] --------------------------------
[20:56:1 (1556927761648)] [ACTION] SETTINGS
[20:56:1 (1556927761648)] Date: 2019-5-3
[20:56:1 (1556927761648)] Quiet Mode: 0
[20:56:1 (1556927761648)] File Path: Pictures/
[20:56:1 (1556927761648)] File Name: 2019-5-3
[20:56:1 (1556927761648)] Compression: jpeg
[20:56:1 (1556927761648)] Quality Setting: 95
[20:56:1 (1556927761648)] --------------------------------
[20:56:1 (1556927761648)] 
[20:56:1 (1556927761648)] --------------------------------
[20:56:1 (1556927761648)] [ACTION] Initializing camera 0...
[20:56:2 (1556927762342)] [ACTION] Initialized
[20:56:3 (1556927763654)] --------------------------------
[20:56:3 (1556927763654)] [ACTION] Using Camera 0...
[20:56:3 (1556927763661)] [ACTION] Frame grabbed successfully
[20:56:3 (1556927763678)] [ACTION] Compressed successfully! Saved at Pictures/2019-5-3 (C0).jpeg
[20:56:3 (1556927763678)] [ACTION] Runtime: 24
[20:56:3 (1556927763678)] --------------------------------
[20:56:3 (1556927763679)] 
[20:56:4 (1556927764587)] --------------------------------
[20:56:4 (1556927764587)] [ACTION] Using Camera 1...
[20:56:4 (1556927764587)] [MODERATE] Camera not properly initialized
[20:56:4 (1556927764587)] [ACTION] Runtime: 0
[20:56:4 (1556927764587)] --------------------------------
[20:56:4 (1556927764587)] 
[20:56:4 (1556927764587)] --------------------------------
[20:56:4 (1556927764587)] [SYSTEM] Runtimes: 
[20:56:4 (1556927764587)] [SYSTEM] Initialize Runtime: 694ms
[20:56:4 (1556927764587)] [SYSTEM] Camera0 Runtime: 25ms
[20:56:4 (1556927764587)] [SYSTEM] Camera1 Runtime: 0ms
[20:56:4 (1556927764587)] --------------------------------
[20:56:4 (1556927764587)] 
[20:56:6 (1556927766659)] START OF RUNTIME
[20:56:6 (1556927766659)] --------------------------------
[20:56:6 (1556927766659)] [ACTION] SETTINGS
[20:56:6 (1556927766659)] Date: 2019-5-3
[20:56:6 (1556927766659)] Quiet Mode: 0
[20:56:6 (1556927766659)] File Path: Pictures/
[20:56:6 (1556927766659)] File Name: 2019-5-3
[20:56:6 (1556927766659)] Compression: jpeg
[20:56:6 (1556927766659)] Quality Setting: 95
[20:56:6 (1556927766659)] --------------------------------
[20:56:6 (1556927766659)] 
[20:56:6 (1556927766659)] --------------------------------
[20:56:6 (1556927766659)] [ACTION] Initializing camera 0...
[20:56:7 (1556927767344)] [ACTION] Initialized
[20:56:8 (1556927768257)] --------------------------------
[20:56:8 (1556927768257)] [ACTION] Using Camera 0...
[20:56:8 (1556927768337)] [ACTION] Frame grabbed successfully
[20:56:8 (1556927768352)] [ACTION] Compressed successfully! Saved at Pictures/2019-5-3 (C0).jpeg
[20:56:8 (1556927768352)] [ACTION] Runtime: 95
[20:56:8 (1556927768352)] --------------------------------
[20:56:8 (1556927768353)] 
[20:56:9 (1556927769192)] --------------------------------
[20:56:9 (1556927769192)] [ACTION] Using Camera 1...
[20:56:9 (1556927769192)] [MODERATE] Camera not properly initialized
[20:56:9 (1556927769192)] [ACTION] Runtime: 0
[20:56:9 (1556927769192)] --------------------------------
[20:56:9 (1556927769192)] 
[20:56:9 (1556927769192)] --------------------------------
[20:56:9 (1556927769192)] [SYSTEM] Runtimes: 
[20:56:9 (1556927769192)] [SYSTEM] Initialize Runtime: 685ms
[20:56:9 (1556927769192)] [SYSTEM] Camera0 Runtime: 96ms
[20:56:9 (1556927769192)] [SYSTEM] Camera1 Runtime: 0ms
[20:56:9 (1556927769192)] --------------------------------
[20:56:9 (1556927769192)] 
[20:56:11 (1556927771649)] START OF RUNTIME
[20:56:11 (1556927771649)] --------------------------------
[20:56:11 (1556927771649)] [ACTION] SETTINGS
[20:56:11 (1556927771649)] Date: 2019-5-3
[20:56:11 (1556927771649)] Quiet Mode: 0
[20:56:11 (1556927771649)] File Path: Pictures/
[20:56:11 (1556927771649)] File Name: 2019-5-3
[20:56:11 (1556927771649)] Compression: jpeg
[20:56:11 (1556927771649)] Quality Setting: 95
[20:56:11 (1556927771649)] --------------------------------
[20:56:11 (1556927771649)] 
[20:56:11 (1556927771649)] --------------------------------
[20:56:11 (1556927771649)] [ACTION] Initializing camera 0...
[20:56:12 (1556927772335)] [ACTION] Initialized
[20:56:14 (1556927774534)] --------------------------------
[20:56:14 (1556927774534)] [ACTION] Using Camera 0...
[20:56:14 (1556927774580)] [ACTION] Frame grabbed successfully
[20:56:14 (1556927774595)] [ACTION] Compressed successfully! Saved at Pictures/2019-5-3 (C0).jpeg
[20:56:14 (1556927774595)] [ACTION] Runtime: 61
[20:56:14 (1556927774595)] --------------------------------
[20:56:14 (1556927774595)] 
[20:56:15 (1556927775492)] --------------------------------
[20:56:15 (1556927775492)] [ACTION] Using Camera 1...
[20:56:15 (1556927775492)] [MODERATE] Camera not properly initialized
[20:56:15 (1556927775492)] [ACTION] Runtime: 0
[20:56:15 (1556927775492)] --------------------------------
[20:56:15 (1556927775492)] 
[20:56:15 (1556927775492)] --------------------------------
[20:56:15 (1556927775492)] [SYSTEM] Runtimes: 
[20:56:15 (1556927775492)] [SYSTEM] Initialize Runtime: 686ms
[20:56:15 (1556927775492)] [SYSTEM] Camera0 Runtime: 61ms
[20:56:15 (1556927775492)] [SYSTEM] Camera1 Runtime: 0ms
[20:56:15 (1556927775492)] --------------------------------
[20:56:15 (1556927775492)] 
[21:1:48 (1556928108810)] START OF RUNTIME
[21:1:48 (1556928108810)] --------------------------------
[21:1:48 (1556928108810)] [ACTION] SETTINGS
[21:1:48 (1556928108810)] Date: 2019-5-3
[21:1:48 (1556928108810)] Quiet Mode: 0
[21:1:48 (1556928108810)] File Path: Pictures/
[21:1:48 (1556928108810)] File Name: 2019-5-3
[21:1:48 (1556928108810)] Compression: jpeg
[21:1:48 (1556928108810)] Quality Setting: 95
[21:1:48 (1556928108810)] --------------------------------
[21:1:48 (1556928108810)] 
[21:1:48 (1556928108810)] --------------------------------
[21:1:48 (1556928108810)] [ACTION] Initializing camera 0...
[21:1:49 (1556928109504)] [ACTION] Initialized
[21:1:54 (1556928114282)] --------------------------------
[21:1:54 (1556928114282)] [ACTION] Using Camera 0...
[21:1:54 (1556928114330)] [ACTION] Frame grabbed successfully
[21:1:54 (1556928114344)] [ACTION] Compressed successfully! Saved at Pictures/2019-5-3 (C0).jpeg
[21:1:54 (1556928114344)] [ACTION] Runtime: 62
[21:1:54 (1556928114344)] --------------------------------
[21:1:54 (1556928114344)] 
[21:1:54 (1556928114653)] --------------------------------
[21:1:54 (1556928114653)] [ACTION] Using Camera 1...
[21:1:54 (1556928114653)] [MODERATE] Camera not properly initialized
[21:1:54 (1556928114653)] [ACTION] Runtime: 0
[21:1:54 (1556928114653)] --------------------------------
[21:1:54 (1556928114653)] 
[21:1:54 (1556928114653)] --------------------------------
[21:1:54 (1556928114653)] [SYSTEM] Runtimes: 
[21:1:54 (1556928114653)] [SYSTEM] Initialize Runtime: 695ms
[21:1:54 (1556928114653)] [SYSTEM] Camera0 Runtime: 62ms
[21:1:54 (1556928114653)] [SYSTEM] Camera1 Runtime: 0ms
[21:1:54 (1556928114653)] --------------------------------
[21:1:54 (1556928114653)] 
[21:28:6 (1556929686610)] START OF RUNTIME
[21:28:6 (1556929686610)] --------------------------------
[21:28:6 (1556929686610)] [ACTION] SETTINGS
[21:28:6 (1556929686610)] Date: 2019-5-3
[21:28:6 (1556929686610)] Quiet Mode: 0
[21:28:6 (1556929686610)] File Path: Pictures/
[21:28:6 (1556929686610)] File Name: 2019-5-3
[21:28:6 (1556929686610)] Compression: jpeg
[21:28:6 (1556929686610)] Quality Setting: 95
[21:28:6 (1556929686610)] --------------------------------
[21:28:6 (1556929686610)] 
[21:28:6 (1556929686610)] --------------------------------
[21:28:6 (1556929686610)] [ACTION] Initializing camera 0...
[21:28:7 (1556929687300)] [ACTION] Initialized
[21:28:8 (1556929688899)] --------------------------------
[21:28:8 (1556929688899)] [ACTION] Using Camera 0...
[21:28:8 (1556929688961)] [ACTION] Frame grabbed successfully
[21:28:8 (1556929688976)] [ACTION] Compressed successfully! Saved at Pictures/2019-5-3 (C0).jpeg
[21:28:8 (1556929688976)] [ACTION] Runtime: 77
[21:28:8 (1556929688976)] --------------------------------
[21:28:8 (1556929688976)] 
[21:28:9 (1556929689636)] --------------------------------
[21:28:9 (1556929689636)] [ACTION] Using Camera 1...
[21:28:9 (1556929689636)] [MODERATE] Camera not properly initialized
[21:28:9 (1556929689636)] [ACTION] Runtime: 0
[21:28:9 (1556929689636)] --------------------------------
[21:28:9 (1556929689636)] 
[21:28:9 (1556929689636)] --------------------------------
[21:28:9 (1556929689636)] [SYSTEM] Runtimes: 
[21:28:9 (1556929689636)] [SYSTEM] Initialize Runtime: 690ms
[21:28:9 (1556929689636)] [SYSTEM] Camera0 Runtime: 77ms
[21:28:9 (1556929689636)] [SYSTEM] Camera1 Runtime: 0ms
[21:28:9 (1556929689636)] --------------------------------
[21:28:9 (1556929689636)] 
[21:28:11 (1556929691564)] START OF RUNTIME
[21:28:11 (1556929691564)] --------------------------------
[21:28:11 (1556929691564)] [ACTION] SETTINGS
[21:28:11 (1556929691564)] Date: 2019-5-3
[21:28:11 (1556929691564)] Quiet Mode: 0
[21:28:11 (1556929691564)] File Path: Pictures/
[21:28:11 (1556929691564)] File Name: 2019-5-3
[21:28:11 (1556929691564)] Compression: jpeg
[21:28:11 (1556929691564)] Quality Setting: 95
[21:28:11 (1556929691564)] --------------------------------
[21:28:11 (1556929691564)] 
[21:28:11 (1556929691564)] --------------------------------
[21:28:11 (1556929691564)] [ACTION] Initializing camera 0...
[21:28:12 (1556929692254)] [ACTION] Initialized
[21:28:13 (1556929693353)] --------------------------------
[21:28:13 (1556929693353)] [ACTION] Using Camera 0...
[21:28:13 (1556929693406)] [ACTION] Frame grabbed successfully
[21:28:13 (1556929693420)] [ACTION] Compressed successfully! Saved at Pictures/2019-5-3 (C0).jpeg
[21:28:13 (1556929693420)] [ACTION] Runtime: 67
[21:28:13 (1556929693420)] --------------------------------
[21:28:13 (1556929693420)] 
[21:28:15 (1556929695160)] --------------------------------
[21:28:15 (1556929695160)] [ACTION] Using Camera 1...
[21:28:15 (1556929695160)] [MODERATE] Camera not properly initialized
[21:28:15 (1556929695160)] [ACTION] Runtime: 0
[21:28:15 (1556929695160)] --------------------------------
[21:28:15 (1556929695160)] 
[21:28:15 (1556929695160)] --------------------------------
[21:28:15 (1556929695160)] [SYSTEM] Runtimes: 
[21:28:15 (1556929695160)] [SYSTEM] Initialize Runtime: 690ms
[21:28:15 (1556929695160)] [SYSTEM] Camera0 Runtime: 67ms
[21:28:15 (1556929695160)] [SYSTEM] Camera1 Runtime: 0ms
[21:28:15 (1556929695160)] --------------------------------
[21:28:15 (1556929695160)] 
[21:28:20 (1556929700558)] START OF RUNTIME
[21:28:20 (1556929700558)] --------------------------------
[21:28:20 (1556929700558)] [ACTION] SETTINGS
[21:28:20 (1556929700558)] Date: 2019-5-3
[21:28:20 (1556929700558)] Quiet Mode: 0
[21:28:20 (1556929700558)] File Path: Pictures/
[21:28:20 (1556929700558)] File Name: 2019-5-3
[21:28:20 (1556929700558)] Compression: jpeg
[21:28:20 (1556929700558)] Quality Setting: 95
[21:28:20 (1556929700558)] --------------------------------
[21:28:20 (1556929700558)] 
[21:28:20 (1556929700558)] --------------------------------
[21:28:20 (1556929700558)] [ACTION] Initializing camera 0...
[21:28:21 (1556929701253)] [ACTION] Initialized
[21:28:21 (1556929701625)] --------------------------------
[21:28:21 (1556929701625)] [ACTION] Using Camera 0...
[21:28:21 (1556929701655)] [ACTION] Frame grabbed successfully
[21:28:21 (1556929701670)] [ACTION] Compressed successfully! Saved at Pictures/2019-5-3 (C0).jpeg
[21:28:21 (1556929701670)] [ACTION] Runtime: 45
[21:28:21 (1556929701670)] --------------------------------
[21:28:21 (1556929701670)] 
[21:28:22 (1556929702050)] --------------------------------
[21:28:22 (1556929702051)] [ACTION] Using Camera 1...
[21:28:22 (1556929702051)] [MODERATE] Camera not properly initialized
[21:28:22 (1556929702051)] [ACTION] Runtime: 1
[21:28:22 (1556929702051)] --------------------------------
[21:28:22 (1556929702051)] 
[21:28:22 (1556929702051)] --------------------------------
[21:28:22 (1556929702051)] [SYSTEM] Runtimes: 
[21:28:22 (1556929702051)] [SYSTEM] Initialize Runtime: 696ms
[21:28:22 (1556929702051)] [SYSTEM] Camera0 Runtime: 45ms
[21:28:22 (1556929702051)] [SYSTEM] Camera1 Runtime: 1ms
[21:28:22 (1556929702051)] --------------------------------
[21:28:22 (1556929702051)] 
