[17:35:12 (1546896912591)] START OF RUNTIME
[17:35:12 (1546896912592)] [ACTION] Taking pictures...
[17:35:12 (1546896912592)] [ACTION] Using Camera 0...
[17:35:13 (1546896913778)] [ACTION] Camera 0 frame grab
[17:35:13 (1546896913779)] [ACTION] Using Camera 1...
[17:35:13 (1546896913779)] [MODERATE] Camera 1 failed to open
[17:35:13 (1546896913779)] Picture Taking Time: 1189ms
[17:35:13 (1546896913779)] [ACTION] Compressing...
[17:35:13 (1546896913838)] [ACTION] Camera 0 Success! Saved at Pictures/2019-1-7 (C1).jpeg
[17:35:13 (1546896913838)] END OF RUNTIME
[17:35:13 (1546896913838)] Runtime: 1248ms - Error Count: 1

[17:35:23 (1546896923357)] START OF RUNTIME
[17:35:23 (1546896923358)] [ACTION] Taking pictures...
[17:35:23 (1546896923358)] [ACTION] Using Camera 0...
[17:35:25 (1546896925891)] [ACTION] Camera 0 frame grab
[17:35:25 (1546896925891)] [ACTION] Using Camera 1...
[17:35:26 (1546896926603)] [ACTION] Camera 1 frame grab
[17:35:26 (1546896926603)] Picture Taking Time: 3247ms
[17:35:26 (1546896926603)] [ACTION] Compressing...
[17:35:26 (1546896926623)] [ACTION] Camera 0 Success! Saved at Pictures/2019-1-7 (C1).jpeg
[17:35:26 (1546896926687)] [ACTION] Camera 1 Success! Saved at Pictures/2019-1-7 (C1).jpeg
[17:35:26 (1546896926687)] END OF RUNTIME
[17:35:26 (1546896926687)] Runtime: 3331ms - Error Count: 0

[17:36:49 (1546897009034)] START OF RUNTIME
[17:36:49 (1546897009034)] [ACTION] Taking pictures...
[17:36:49 (1546897009034)] [ACTION] Using Camera 0...
[17:36:49 (1546897009699)] [ACTION] Camera 0 frame grab
[17:36:49 (1546897009700)] [ACTION] Using Camera 1...
[17:36:50 (1546897010394)] [ACTION] Camera 1 frame grab
[17:36:50 (1546897010394)] Picture Taking Time: 1361ms
[17:36:50 (1546897010394)] [ACTION] Compressing...
[17:36:50 (1546897010430)] [ACTION] Camera 0 Success! Saved at Pictures/2019-1-7 (C1).jpeg
[17:36:50 (1546897010474)] [ACTION] Camera 1 Success! Saved at Pictures/2019-1-7 (C1).jpeg
[17:36:50 (1546897010474)] END OF RUNTIME
[17:36:50 (1546897010474)] Runtime: 1441ms - Error Count: 0

[17:37:33 (1546897053819)] START OF RUNTIME
[17:37:33 (1546897053819)] [ACTION] Taking pictures...
[17:37:33 (1546897053819)] [ACTION] Using Camera 0...
[17:37:34 (1546897054502)] [ACTION] Camera 0 frame grab
[17:37:34 (1546897054502)] Picture Taking Time: 684ms
[17:37:34 (1546897054502)] [ACTION] Compressing...
[17:37:34 (1546897054514)] [ACTION] Camera 0 Success! Saved at Pictures/2019-1-7 (C1).jpeg
[17:37:34 (1546897054514)] END OF RUNTIME
[17:37:34 (1546897054514)] Runtime: 696ms - Error Count: 0

[17:40:50 (1546897250380)] START OF RUNTIME
[17:40:50 (1546897250382)] [ACTION] Taking pictures...
[17:40:50 (1546897250382)] [ACTION] Using Camera 0...
[17:40:51 (1546897251039)] [ACTION] Camera 0 frame grab
[17:40:51 (1546897251039)] [ACTION] Using Camera 1...
[17:40:51 (1546897251761)] [ACTION] Camera 1 frame grab
[17:40:51 (1546897251761)] Picture Taking Time: 1382ms
[17:40:51 (1546897251761)] [ACTION] Compressing...
[17:40:51 (1546897251784)] [ACTION] Camera 0 Success! Saved at Pictures/2019-1-7 (C1).png
[17:40:51 (1546897251841)] [ACTION] Camera 1 Success! Saved at Pictures/2019-1-7 (C1).png
[17:40:51 (1546897251841)] END OF RUNTIME
[17:40:51 (1546897251841)] Runtime: 1462ms - Error Count: 0

[19:13:51 (1546902831581)] START OF RUNTIME
[19:13:51 (1546902831582)] [ACTION] Taking pictures...
[19:13:51 (1546902831582)] [ACTION] Using Camera 0...
[19:13:54 (1546902834862)] [ACTION] Camera 0 frame grab
[19:13:54 (1546902834862)] [ACTION] Using Camera 1...
[19:13:55 (1546902835545)] [ACTION] Camera 1 frame grab
[19:13:55 (1546902835545)] Picture Taking Time: 3967ms
[19:13:55 (1546902835545)] [ACTION] Compressing...
[19:13:55 (1546902835548)] [SEVERE] Camera 0 failed but opened, possible defect or bug
[19:13:55 (1546902835589)] [ACTION] Camera 1 Success! Saved at Pictures/2019-1-7 (C1).png
[19:13:55 (1546902835589)] END OF RUNTIME
[19:13:55 (1546902835589)] Runtime: 4011ms - Error Count: 1

[19:13:59 (1546902839388)] START OF RUNTIME
[19:13:59 (1546902839388)] [ACTION] Taking pictures...
[19:13:59 (1546902839388)] [ACTION] Using Camera 0...
[19:14:0 (1546902840265)] [ACTION] Camera 0 frame grab
[19:14:0 (1546902840268)] [ACTION] Using Camera 1...
[19:14:0 (1546902840958)] [ACTION] Camera 1 frame grab
[19:14:0 (1546902840958)] Picture Taking Time: 1574ms
[19:14:0 (1546902840958)] [ACTION] Compressing...
[19:14:0 (1546902840981)] [ACTION] Camera 0 Success! Saved at Pictures/2019-1-7 (C1).png
[19:14:1 (1546902841023)] [ACTION] Camera 1 Success! Saved at Pictures/2019-1-7 (C1).png
[19:14:1 (1546902841023)] END OF RUNTIME
[19:14:1 (1546902841023)] Runtime: 1639ms - Error Count: 0

[19:14:3 (1546902843859)] START OF RUNTIME
[19:14:3 (1546902843859)] [ACTION] Taking pictures...
[19:14:3 (1546902843859)] [ACTION] Using Camera 0...
[19:14:4 (1546902844707)] [ACTION] Camera 0 frame grab
[19:14:4 (1546902844707)] [ACTION] Using Camera 1...
[19:14:5 (1546902845391)] [ACTION] Camera 1 frame grab
[19:14:5 (1546902845391)] Picture Taking Time: 1533ms
[19:14:5 (1546902845391)] [ACTION] Compressing...
[19:14:5 (1546902845414)] [ACTION] Camera 0 Success! Saved at Pictures/2019-1-7 (C1).png
[19:14:5 (1546902845458)] [ACTION] Camera 1 Success! Saved at Pictures/2019-1-7 (C1).png
[19:14:5 (1546902845458)] END OF RUNTIME
[19:14:5 (1546902845458)] Runtime: 1600ms - Error Count: 0

[19:17:43 (1546903063644)] START OF RUNTIME
[19:17:43 (1546903063644)] [ACTION] Taking pictures...
[19:17:43 (1546903063644)] [ACTION] Using Camera 0...
[19:17:46 (1546903066893)] [ACTION] Camera 0 frame grab
[19:17:46 (1546903066895)] [ACTION] Using Camera 1...
[19:17:47 (1546903067561)] [ACTION] Camera 1 frame grab
[19:17:47 (1546903067561)] Picture Taking Time: 3918ms
[19:17:47 (1546903067561)] [ACTION] Compressing...
[19:17:47 (1546903067562)] [SEVERE] Camera 0 failed but opened, possible defect or bug
[19:17:47 (1546903067592)] [ACTION] Camera 1 Success! Saved at Pictures/2019-1-7 (C1).jpeg
[19:17:47 (1546903067592)] END OF RUNTIME
[19:17:47 (1546903067592)] Runtime: 3949ms - Error Count: 1

[19:17:49 (1546903069672)] START OF RUNTIME
[19:17:49 (1546903069672)] [ACTION] Taking pictures...
[19:17:49 (1546903069673)] [ACTION] Using Camera 0...
[19:17:50 (1546903070960)] [ACTION] Camera 0 frame grab
[19:17:50 (1546903070960)] [ACTION] Using Camera 1...
[19:17:51 (1546903071630)] [ACTION] Camera 1 frame grab
[19:17:51 (1546903071631)] Picture Taking Time: 1961ms
[19:17:51 (1546903071631)] [ACTION] Compressing...
[19:17:51 (1546903071644)] [ACTION] Camera 0 Success! Saved at Pictures/2019-1-7 (C1).jpeg
[19:17:51 (1546903071678)] [ACTION] Camera 1 Success! Saved at Pictures/2019-1-7 (C1).jpeg
[19:17:51 (1546903071678)] END OF RUNTIME
[19:17:51 (1546903071679)] Runtime: 2008ms - Error Count: 0

[19:23:18 (1546903398049)] START OF RUNTIME
[19:23:18 (1546903398049)] [ACTION] Taking pictures...
[19:23:18 (1546903398050)] [ACTION] Using Camera 0...
[19:23:18 (1546903398819)] [ACTION] Camera 0 frame grab
[19:23:18 (1546903398819)] [ACTION] Using Camera 1...
[19:23:19 (1546903399496)] [ACTION] Camera 1 frame grab
[19:23:19 (1546903399496)] Picture Taking Time: 1450ms
[19:23:19 (1546903399496)] [ACTION] Compressing...
[19:23:19 (1546903399522)] [ACTION] Camera 0 Success! Saved at Pictures/2019-1-7 (C1).jpeg
[19:23:19 (1546903399608)] [ACTION] Camera 1 Success! Saved at Pictures/2019-1-7 (C1).jpeg
[19:23:19 (1546903399608)] END OF RUNTIME
[19:23:19 (1546903399609)] Runtime: 1563ms - Error Count: 0

[19:32:59 (1546903979755)] START OF RUNTIME
[19:32:59 (1546903979755)] [ACTION] Taking pictures...
[19:32:59 (1546903979755)] [ACTION] Using Camera 0...
[19:33:0 (1546903980989)] [ACTION] Camera 0 frame grab
[19:33:0 (1546903980989)] [ACTION] Using Camera 1...
[19:33:1 (1546903981706)] [ACTION] Camera 1 frame grab
[19:33:1 (1546903981706)] Picture Taking Time: 1952ms
[19:33:1 (1546903981706)] [ACTION] Compressing...
[19:33:1 (1546903981720)] [ACTION] Camera 0 Success! Saved at Pictures/2019-1-7 (C1).jpeg
[19:33:1 (1546903981743)] [ACTION] Camera 1 Success! Saved at Pictures/2019-1-7 (C1).jpeg
[19:33:1 (1546903981743)] END OF RUNTIME
[19:33:1 (1546903981743)] Runtime: 1989ms - Error Count: 0

[19:33:14 (1546903994699)] START OF RUNTIME
[19:33:14 (1546903994699)] [ACTION] Taking pictures...
[19:33:14 (1546903994699)] [ACTION] Using Camera 0...
[19:33:15 (1546903995543)] [ACTION] Camera 0 frame grab
[19:33:15 (1546903995543)] [ACTION] Using Camera 1...
[19:33:16 (1546903996260)] [ACTION] Camera 1 frame grab
[19:33:16 (1546903996260)] Picture Taking Time: 1564ms
[19:33:16 (1546903996260)] [ACTION] Compressing...
[19:33:16 (1546903996274)] [ACTION] Camera 0 Success! Saved at Pictures/2019-1-7 (C1).jpeg
[19:33:16 (1546903996309)] [ACTION] Camera 1 Success! Saved at Pictures/2019-1-7 (C1).jpeg
[19:33:16 (1546903996309)] END OF RUNTIME
[19:33:16 (1546903996309)] Runtime: 1613ms - Error Count: 0

