[21:15:32 (1556410532795)] START OF RUNTIME
[21:15:32 (1556410532795)] [ACTION] Target file path is Pictures/2019-4-27.jpeg
[21:15:32 (1556410532795)] [ACTION] Taking pictures...
[21:15:32 (1556410532795)] [ACTION] Using Camera 0...
[21:16:51 (1556410611962)] START OF RUNTIME
[21:16:51 (1556410611962)] [ACTION] Target file path is Pictures/2019-4-27.jpeg
[21:16:51 (1556410611962)] [ACTION] Taking pictures...
[21:16:51 (1556410611962)] [ACTION] Using Camera 0...
[21:18:6 (1556410686684)] START OF RUNTIME
[21:18:6 (1556410686684)] [ACTION] Target file path is Pictures/2019-4-27.jpeg
[21:18:6 (1556410686684)] [ACTION] Taking pictures...
[21:18:6 (1556410686684)] [ACTION] Using Camera 0...
[21:18:9 (1556410689927)] START OF RUNTIME
[21:18:9 (1556410689927)] [ACTION] Target file path is Pictures/2019-4-27.jpeg
[21:18:9 (1556410689927)] [ACTION] Taking pictures...
[21:18:9 (1556410689927)] [ACTION] Using Camera 0...
[21:22:9 (1556410929002)] START OF RUNTIME
[21:22:9 (1556410929002)] [ACTION] Target file path is Pictures/2019-4-27.jpeg
[21:22:9 (1556410929002)] [ACTION] Taking pictures...
[21:22:9 (1556410929002)] [ACTION] Using Camera 0...
[21:23:53 (1556411033279)] START OF RUNTIME
[21:23:53 (1556411033280)] [ACTION] Target file path is Pictures/2019-4-27.jpeg
[21:23:53 (1556411033280)] [ACTION] Taking pictures...
[21:23:53 (1556411033280)] [ACTION] Using Camera 0...
[21:25:26 (1556411126811)] START OF RUNTIME
[21:25:26 (1556411126811)] [ACTION] Target file path is Pictures/2019-4-27.jpeg
[21:25:26 (1556411126811)] [ACTION] Taking pictures...
[21:25:26 (1556411126811)] [ACTION] Using Camera 0...
[21:26:32 (1556411192003)] START OF RUNTIME
[21:26:32 (1556411192003)] [ACTION] Target file path is Pictures/2019-4-27.jpeg
[21:26:32 (1556411192003)] [ACTION] Taking pictures...
[21:26:32 (1556411192003)] [ACTION] Using Camera 0...
[21:26:40 (1556411200916)] START OF RUNTIME
[21:26:40 (1556411200916)] [ACTION] Target file path is Pictures/2019-4-27.jpeg
[21:26:40 (1556411200916)] [ACTION] Taking pictures...
[21:26:40 (1556411200916)] [ACTION] Using Camera 0...
[21:28:15 (1556411295658)] START OF RUNTIME
[21:28:15 (1556411295658)] [ACTION] Target file path is Pictures/2019-4-27.jpeg
[21:28:15 (1556411295658)] [ACTION] Taking pictures...
[21:28:15 (1556411295658)] [ACTION] Using Camera 0...
[21:28:26 (1556411306308)] START OF RUNTIME
[21:28:26 (1556411306308)] [ACTION] Target file path is Pictures/2019-4-27.jpeg
[21:28:26 (1556411306308)] [ACTION] Taking pictures...
[21:28:26 (1556411306308)] [ACTION] Using Camera 0...
[21:28:34 (1556411314895)] START OF RUNTIME
[21:28:34 (1556411314895)] [ACTION] Target file path is Pictures/2019-4-27.jpeg
[21:28:34 (1556411314895)] [ACTION] Taking pictures...
[21:28:34 (1556411314895)] [ACTION] Using Camera 0...
[21:28:54 (1556411334140)] START OF RUNTIME
[21:28:54 (1556411334140)] [ACTION] Target file path is Pictures/2019-4-27.jpeg
[21:28:54 (1556411334140)] [ACTION] Taking pictures...
[21:28:54 (1556411334140)] [ACTION] Using Camera 0...
[21:29:15 (1556411355112)] START OF RUNTIME
[21:29:15 (1556411355112)] [ACTION] Target file path is Pictures/2019-4-27.jpeg
[21:29:15 (1556411355112)] [ACTION] Taking pictures...
[21:29:15 (1556411355112)] [ACTION] Using Camera 0...
[21:30:1 (1556411401394)] START OF RUNTIME
[21:30:1 (1556411401394)] [ACTION] Target file path is Pictures/2019-4-27.jpeg
[21:30:1 (1556411401395)] [ACTION] Taking pictures...
[21:30:1 (1556411401395)] [ACTION] Using Camera 0...
[21:31:13 (1556411473650)] START OF RUNTIME
[21:31:13 (1556411473650)] [ACTION] Target file path is Pictures/2019-4-27.jpeg
[21:31:13 (1556411473650)] [ACTION] Taking pictures...
[21:31:13 (1556411473650)] [ACTION] Using Camera 0...
[21:31:14 (1556411474358)] [ACTION] Survived C0
[21:31:50 (1556411510387)] START OF RUNTIME
[21:31:50 (1556411510387)] [ACTION] Target file path is Pictures/2019-4-27.jpeg
[21:31:50 (1556411510387)] [ACTION] Taking pictures...
[21:31:50 (1556411510387)] [ACTION] Using Camera 0...
[21:31:51 (1556411511085)] [ACTION] Survived C0
[21:34:40 (1556411680096)] START OF RUNTIME
[21:34:40 (1556411680096)] [ACTION] Target file path is Pictures/2019-4-27.jpeg
[21:34:40 (1556411680096)] [ACTION] Taking pictures...
[21:34:40 (1556411680096)] [ACTION] Using Camera 0...
[21:34:40 (1556411680797)] [ACTION] Survived C0
[21:35:34 (1556411734913)] START OF RUNTIME
[21:35:34 (1556411734913)] [ACTION] Target file path is Pictures/2019-4-27.jpeg
[21:35:34 (1556411734913)] [ACTION] Taking pictures...
[21:35:34 (1556411734913)] [ACTION] Using Camera 0...
[21:35:35 (1556411735627)] [ACTION] Survived C0
[21:37:38 (1556411858576)] START OF RUNTIME
[21:37:38 (1556411858576)] [ACTION] Target file path is Pictures/2019-4-27.jpeg
[21:37:38 (1556411858576)] [ACTION] Taking pictures...
[21:37:38 (1556411858576)] [ACTION] Using Camera 0...
[21:37:39 (1556411859294)] [ACTION] Survived C0
[21:38:31 (1556411911973)] START OF RUNTIME
[21:38:31 (1556411911973)] [ACTION] Target file path is Pictures/2019-4-27.jpeg
[21:38:31 (1556411911973)] [ACTION] Taking pictures...
[21:38:31 (1556411911973)] [ACTION] Using Camera 0...
[21:38:32 (1556411912699)] [ACTION] Survived C0
[21:39:38 (1556411978382)] START OF RUNTIME
[21:39:38 (1556411978382)] [ACTION] Target file path is Pictures/2019-4-27.jpeg
[21:39:38 (1556411978382)] [ACTION] Taking pictures...
[21:39:38 (1556411978382)] [ACTION] Using Camera 0...
[21:39:39 (1556411979088)] [ACTION] Survived C0
[21:40:11 (1556412011879)] START OF RUNTIME
[21:40:11 (1556412011879)] [ACTION] Target file path is Pictures/2019-4-27.jpeg
[21:40:11 (1556412011879)] [ACTION] Taking pictures...
[21:40:11 (1556412011879)] [ACTION] Using Camera 0...
[21:40:12 (1556412012584)] [ACTION] Survived C0
[21:40:28 (1556412028526)] START OF RUNTIME
[21:40:28 (1556412028526)] [ACTION] Target file path is Pictures/2019-4-27.jpeg
[21:40:28 (1556412028526)] [ACTION] Taking pictures...
[21:40:28 (1556412028526)] [ACTION] Using Camera 0...
[21:40:29 (1556412029233)] [ACTION] Survived C0
[21:41:45 (1556412105705)] START OF RUNTIME
[21:41:45 (1556412105705)] [ACTION] Target file path is Pictures/2019-4-27.jpeg
[21:41:45 (1556412105705)] [ACTION] Taking pictures...
[21:41:45 (1556412105705)] [ACTION] Using Camera 0...
[21:41:46 (1556412106414)] [ACTION] Survived C0
[21:41:46 (1556412106470)] [ACTION] Camera 0 frame grab
[21:41:46 (1556412106470)] [ACTION] Using C1...
[21:41:46 (1556412106470)] [MODERATE] Camera 1 failed to open
[21:41:46 (1556412106470)] Picture Taking Time: 766ms
[21:41:46 (1556412106470)] [ACTION] Compressing...
[21:41:46 (1556412106501)] [ACTION] Camera 0 Success! Saved at Pictures/2019-4-27 (VIS).jpeg
[21:41:46 (1556412106501)] END OF RUNTIME
[21:41:46 (1556412106501)] Runtime: 797ms - Error Count: 1

[21:41:52 (1556412112981)] START OF RUNTIME
[21:41:52 (1556412112981)] [ACTION] Target file path is Pictures/2019-4-27.jpeg
[21:41:52 (1556412112981)] [ACTION] Taking pictures...
[21:41:52 (1556412112981)] [ACTION] Using Camera 0...
[21:41:53 (1556412113695)] [ACTION] Survived C0
[21:41:53 (1556412113751)] [ACTION] Camera 0 frame grab
[21:41:53 (1556412113751)] [ACTION] Using C1...
[21:41:53 (1556412113752)] [MODERATE] Camera 1 failed to open
[21:41:53 (1556412113752)] Picture Taking Time: 771ms
[21:41:53 (1556412113752)] [ACTION] Compressing...
[21:41:53 (1556412113780)] [ACTION] Camera 0 Success! Saved at Pictures/2019-4-27 (VIS).jpeg
[21:41:53 (1556412113780)] END OF RUNTIME
[21:41:53 (1556412113780)] Runtime: 799ms - Error Count: 1

[21:42:34 (1556412154059)] START OF RUNTIME
[21:42:34 (1556412154059)] [ACTION] Target file path is Pictures/2019-4-27.jpeg
[21:42:34 (1556412154059)] [ACTION] Taking pictures...
[21:42:34 (1556412154059)] [ACTION] Using Camera 0...
[21:42:34 (1556412154766)] [ACTION] Survived C0
[21:42:34 (1556412154821)] [ACTION] Camera 0 frame grab
[21:42:34 (1556412154821)] [ACTION] Using C1...
[21:42:34 (1556412154822)] [MODERATE] Camera 1 failed to open
[21:42:34 (1556412154822)] Picture Taking Time: 764ms
[21:42:34 (1556412154822)] [ACTION] Compressing...
[21:42:34 (1556412154853)] [ACTION] Camera 0 Success! Saved at Pictures/2019-4-27 (VIS).jpeg
[21:42:34 (1556412154853)] END OF RUNTIME
[21:42:34 (1556412154853)] Runtime: 795ms - Error Count: 1

[21:42:41 (1556412161190)] START OF RUNTIME
[21:42:41 (1556412161190)] [ACTION] Target file path is Pictures/2019-4-27.jpeg
[21:42:41 (1556412161190)] [ACTION] Taking pictures...
[21:42:41 (1556412161190)] [ACTION] Using Camera 0...
[21:42:41 (1556412161888)] [ACTION] Survived C0
[21:42:41 (1556412161954)] [ACTION] Camera 0 frame grab
[21:42:41 (1556412161954)] [ACTION] Using C1...
[21:42:41 (1556412161954)] [MODERATE] Camera 1 failed to open
[21:42:41 (1556412161954)] Picture Taking Time: 765ms
[21:42:41 (1556412161954)] [ACTION] Compressing...
[21:42:41 (1556412161984)] [ACTION] Camera 0 Success! Saved at Pictures/2019-4-27 (VIS).jpeg
[21:42:41 (1556412161984)] END OF RUNTIME
[21:42:41 (1556412161984)] Runtime: 795ms - Error Count: 1

[21:44:50 (1556412290339)] START OF RUNTIME
[21:44:50 (1556412290339)] [ACTION] Target file path is Pictures/2019-4-27.jpeg
[21:44:50 (1556412290339)] [ACTION] Taking pictures...
[21:44:50 (1556412290339)] [ACTION] Using Camera 0...
[21:44:51 (1556412291056)] [ACTION] Survived C0
[21:44:51 (1556412291115)] [ACTION] Camera 0 frame grab
[21:44:51 (1556412291115)] [ACTION] Using C1...
[21:44:51 (1556412291116)] [MODERATE] Camera 1 failed to open
[21:44:51 (1556412291116)] Picture Taking Time: 777ms
[21:44:51 (1556412291116)] [ACTION] Compressing...
[21:44:51 (1556412291142)] [ACTION] Camera 0 Success! Saved at Pictures/2019-4-27 (VIS).jpeg
[21:44:51 (1556412291142)] END OF RUNTIME
[21:44:51 (1556412291142)] Runtime: 803ms - Error Count: 1

[21:44:53 (1556412293302)] START OF RUNTIME
[21:44:53 (1556412293303)] [ACTION] Target file path is Pictures/2019-4-27.jpeg
[21:44:53 (1556412293303)] [ACTION] Taking pictures...
[21:44:53 (1556412293303)] [ACTION] Using Camera 0...
[21:44:54 (1556412294019)] [ACTION] Survived C0
[21:44:54 (1556412294079)] [ACTION] Camera 0 frame grab
[21:44:54 (1556412294079)] [ACTION] Using C1...
[21:44:54 (1556412294079)] [MODERATE] Camera 1 failed to open
[21:44:54 (1556412294079)] Picture Taking Time: 777ms
[21:44:54 (1556412294079)] [ACTION] Compressing...
[21:44:54 (1556412294108)] [ACTION] Camera 0 Success! Saved at Pictures/2019-4-27 (VIS).jpeg
[21:44:54 (1556412294108)] END OF RUNTIME
[21:44:54 (1556412294108)] Runtime: 806ms - Error Count: 1

[21:45:0 (1556412300159)] START OF RUNTIME
[21:45:0 (1556412300159)] [ACTION] Target file path is Pictures/2019-4-27.jpeg
[21:45:0 (1556412300159)] [ACTION] Taking pictures...
[21:45:0 (1556412300159)] [ACTION] Using Camera 0...
[21:45:0 (1556412300870)] [ACTION] Survived C0
[21:45:0 (1556412300929)] [ACTION] Camera 0 frame grab
[21:45:0 (1556412300929)] [ACTION] Using C1...
[21:45:0 (1556412300929)] [MODERATE] Camera 1 failed to open
[21:45:0 (1556412300929)] Picture Taking Time: 770ms
[21:45:0 (1556412300929)] [ACTION] Compressing...
[21:45:0 (1556412300956)] [ACTION] Camera 0 Success! Saved at Pictures/2019-4-27 (VIS).jpeg
[21:45:0 (1556412300956)] END OF RUNTIME
[21:45:0 (1556412300956)] Runtime: 797ms - Error Count: 1

