[13:45:4 (1547574304725)] START OF RUNTIME
[13:45:4 (1547574304725)] [ACTION] Taking pictures...
[13:45:4 (1547574304725)] [ACTION] Using Camera 0...
[13:45:5 (1547574305498)] [ACTION] Camera 0 frame grab
[13:45:5 (1547574305499)] [ACTION] Using Camera 1...
[13:45:5 (1547574305499)] [MODERATE] Camera 1 failed to open
[13:45:5 (1547574305499)] Picture Taking Time: 775ms
[13:45:5 (1547574305499)] [ACTION] Compressing...
[13:45:5 (1547574305528)] [ACTION] Camera 0 Success! Saved at Pictures/2019-1-15 (C1).jpeg
[13:45:5 (1547574305528)] END OF RUNTIME
[13:45:5 (1547574305529)] Runtime: 805ms - Error Count: 1

[13:53:22 (1547574802379)] START OF RUNTIME
[13:53:22 (1547574802379)] [ACTION] Target file path is Pictures/2019-1-15.
[13:53:22 (1547574802379)] [ACTION] Taking pictures...
[13:53:22 (1547574802379)] [ACTION] Using Camera 0...
[13:53:23 (1547574803166)] [ACTION] Camera 0 frame grab
[13:53:23 (1547574803166)] Picture Taking Time: 788ms
[13:53:23 (1547574803166)] [ACTION] Compressing...
[13:53:35 (1547574815470)] START OF RUNTIME
[13:53:35 (1547574815470)] [ACTION] Target file path is Pictures/2019-1-15.
[13:53:35 (1547574815471)] [ACTION] Taking pictures...
[13:53:35 (1547574815471)] [ACTION] Using Camera 0...
[13:53:36 (1547574816313)] [ACTION] Camera 0 frame grab
[13:53:36 (1547574816313)] Picture Taking Time: 845ms
[13:53:36 (1547574816313)] [ACTION] Compressing...
[13:53:46 (1547574826370)] START OF RUNTIME
[13:53:46 (1547574826370)] [ACTION] Target file path is Pictures/2019-1-15.
[13:53:46 (1547574826370)] [ACTION] Taking pictures...
[13:53:46 (1547574826370)] [ACTION] Using Camera 0...
[13:53:47 (1547574827210)] [ACTION] Camera 0 frame grab
[13:53:47 (1547574827210)] [ACTION] Using NIR...
[13:53:47 (1547574827210)] [MODERATE] Camera 1 failed to open
[13:53:47 (1547574827210)] Picture Taking Time: 842ms
[13:53:47 (1547574827210)] [ACTION] Compressing...
[13:54:7 (1547574847860)] START OF RUNTIME
[13:54:7 (1547574847860)] [ACTION] Target file path is Pictures/2019-1-15.
[13:54:7 (1547574847860)] [ACTION] Taking pictures...
[13:54:7 (1547574847860)] [ACTION] Using Camera 0...
[13:54:8 (1547574848792)] [ACTION] Camera 0 frame grab
[13:54:8 (1547574848792)] [ACTION] Using NIR...
[13:54:8 (1547574848792)] [MODERATE] Camera 1 failed to open
[13:54:8 (1547574848792)] Picture Taking Time: 933ms
[13:54:8 (1547574848792)] [ACTION] Compressing...
[13:54:37 (1547574877127)] START OF RUNTIME
[13:54:37 (1547574877127)] [ACTION] Target file path is Pictures/2019-1-15.
[13:54:37 (1547574877127)] [ACTION] Taking pictures...
[13:54:37 (1547574877127)] [ACTION] Using Camera 0...
[13:54:37 (1547574877964)] [ACTION] Camera 0 frame grab
[13:54:37 (1547574877964)] [ACTION] Using NIR...
[13:54:37 (1547574877964)] [MODERATE] Camera 1 failed to open
[13:54:37 (1547574877964)] Picture Taking Time: 838ms
[13:54:37 (1547574877964)] [ACTION] Compressing...
[13:54:43 (1547574883527)] START OF RUNTIME
[13:54:43 (1547574883527)] [ACTION] Target file path is Pictures/2019-1-15.
[13:54:43 (1547574883527)] [ACTION] Taking pictures...
[13:54:43 (1547574883527)] [ACTION] Using Camera 0...
[13:54:44 (1547574884334)] [ACTION] Camera 0 frame grab
[13:54:44 (1547574884334)] [ACTION] Using NIR...
[13:54:44 (1547574884334)] [MODERATE] Camera 1 failed to open
[13:54:44 (1547574884334)] Picture Taking Time: 809ms
[13:54:44 (1547574884334)] [ACTION] Compressing...
[13:55:28 (1547574928207)] START OF RUNTIME
[13:55:28 (1547574928207)] [ACTION] Target file path is Pictures/2019-1-15.
[13:55:28 (1547574928207)] [ACTION] Taking pictures...
[13:55:28 (1547574928207)] [ACTION] Using Camera 0...
[13:55:29 (1547574929045)] [ACTION] Camera 0 frame grab
[13:55:29 (1547574929045)] [ACTION] Using NIR...
[13:55:29 (1547574929045)] [MODERATE] Camera 1 failed to open
[13:55:29 (1547574929045)] Picture Taking Time: 839ms
[13:55:29 (1547574929045)] [ACTION] Compressing...
[13:57:12 (1547575032036)] START OF RUNTIME
[13:57:12 (1547575032036)] [ACTION] Target file path is Pictures/2019-1-15.
[13:57:12 (1547575032036)] [ACTION] Taking pictures...
[13:57:12 (1547575032037)] [ACTION] Using Camera 0...
[13:57:12 (1547575032861)] [ACTION] Camera 0 frame grab
[13:57:12 (1547575032861)] [ACTION] Using NIR...
[13:57:12 (1547575032861)] [MODERATE] Camera 1 failed to open
[13:57:12 (1547575032861)] Picture Taking Time: 828ms
[13:57:12 (1547575032861)] [ACTION] Compressing...
[13:57:13 (1547575033076)] [ACTION] Camera 0 Success! Saved at Pictures/2019-1-15 (C1).
[13:57:13 (1547575033076)] END OF RUNTIME
[13:57:13 (1547575033076)] Runtime: 1043ms - Error Count: 1

[13:59:32 (1547575172135)] START OF RUNTIME
[13:59:32 (1547575172136)] [ACTION] Target file path is Pictures/2019-1-15.
[13:59:32 (1547575172136)] [ACTION] Taking pictures...
[13:59:32 (1547575172136)] [ACTION] Using Camera 0...
[13:59:32 (1547575172956)] [ACTION] Camera 0 frame grab
[13:59:32 (1547575172957)] [ACTION] Using NIR...
[13:59:32 (1547575172957)] [MODERATE] Camera 1 failed to open
[13:59:32 (1547575172957)] Picture Taking Time: 823ms
[13:59:32 (1547575172957)] [ACTION] Compressing...
[13:59:33 (1547575173163)] [ACTION] Camera 0 Success! Saved at Pictures/2019-1-15 (C1).
[13:59:33 (1547575173163)] END OF RUNTIME
[13:59:33 (1547575173163)] Runtime: 1029ms - Error Count: 1

[13:59:50 (1547575190930)] START OF RUNTIME
[13:59:50 (1547575190930)] [ACTION] Target file path is Pictures/2019-1-15.
[13:59:50 (1547575190930)] [ACTION] Taking pictures...
[13:59:50 (1547575190930)] [ACTION] Using Camera 0...
[13:59:51 (1547575191751)] [ACTION] Camera 0 frame grab
[13:59:51 (1547575191752)] [ACTION] Using NIR...
[13:59:51 (1547575191752)] [MODERATE] Camera 1 failed to open
[13:59:51 (1547575191752)] Picture Taking Time: 822ms
[13:59:51 (1547575191752)] [ACTION] Compressing...
[14:2:42 (1547575362284)] START OF RUNTIME
[14:2:42 (1547575362284)] [ACTION] Target file path is Pictures/2019-1-15.
[14:2:42 (1547575362284)] [ACTION] Taking pictures...
[14:2:42 (1547575362285)] [ACTION] Using Camera 0...
[14:2:43 (1547575363158)] [ACTION] Camera 0 frame grab
[14:2:43 (1547575363158)] [ACTION] Using NIR...
[14:2:43 (1547575363159)] [MODERATE] Camera 1 failed to open
[14:2:43 (1547575363159)] Picture Taking Time: 878ms
[14:2:43 (1547575363159)] [ACTION] Compressing...
[14:2:43 (1547575363342)] [ACTION] Camera 0 Success! Saved at Pictures/2019-1-15 (C1).
[14:2:43 (1547575363342)] END OF RUNTIME
[14:2:43 (1547575363342)] Runtime: 1061ms - Error Count: 1

[14:3:14 (1547575394375)] START OF RUNTIME
[14:3:14 (1547575394375)] [ACTION] Target file path is Pictures/2019-1-15.
[14:3:14 (1547575394375)] [ACTION] Taking pictures...
[14:3:14 (1547575394375)] [ACTION] Using Camera 0...
[14:3:15 (1547575395226)] [ACTION] Camera 0 frame grab
[14:3:15 (1547575395226)] [ACTION] Using NIR...
[14:3:15 (1547575395227)] [MODERATE] Camera 1 failed to open
[14:3:15 (1547575395227)] Picture Taking Time: 853ms
[14:3:15 (1547575395227)] [ACTION] Compressing...
[14:4:46 (1547575486092)] START OF RUNTIME
[14:4:46 (1547575486092)] [ACTION] Target file path is Pictures/2019-1-15.
[14:4:46 (1547575486092)] [ACTION] Taking pictures...
[14:4:46 (1547575486093)] [ACTION] Using Camera 0...
[14:4:47 (1547575487040)] [ACTION] Camera 0 frame grab
[14:4:47 (1547575487041)] [ACTION] Using NIR...
[14:4:47 (1547575487041)] [MODERATE] Camera 1 failed to open
[14:4:47 (1547575487041)] Picture Taking Time: 954ms
[14:4:47 (1547575487041)] [ACTION] Compressing...
[14:4:47 (1547575487589)] [ACTION] Camera 0 Success! Saved at Pictures/2019-1-15 (C1).
[14:4:47 (1547575487589)] END OF RUNTIME
[14:4:47 (1547575487589)] Runtime: 1502ms - Error Count: 1

[14:7:2 (1547575622108)] START OF RUNTIME
[14:7:2 (1547575622109)] [ACTION] Target file path is Pictures/2019-1-15.
[14:7:2 (1547575622109)] [ACTION] Taking pictures...
[14:7:2 (1547575622109)] [ACTION] Using Camera 0...
[14:7:2 (1547575622933)] [ACTION] Camera 0 frame grab
[14:7:2 (1547575622934)] [ACTION] Using NIR...
[14:7:2 (1547575622934)] [MODERATE] Camera 1 failed to open
[14:7:2 (1547575622934)] Picture Taking Time: 829ms
[14:7:2 (1547575622934)] [ACTION] Compressing...
[14:7:3 (1547575623144)] [ACTION] Camera 0 Success! Saved at Pictures/2019-1-15 (C1).
[14:7:3 (1547575623145)] END OF RUNTIME
[14:7:3 (1547575623145)] Runtime: 1040ms - Error Count: 1

[14:8:40 (1547575720575)] START OF RUNTIME
[14:8:40 (1547575720575)] [ACTION] Target file path is Pictures/2019-1-15.
[14:8:40 (1547575720575)] [ACTION] Taking pictures...
[14:8:40 (1547575720575)] [ACTION] Using Camera 0...
[14:8:41 (1547575721366)] [ACTION] Camera 0 frame grab
[14:8:41 (1547575721366)] [ACTION] Using NIR...
[14:8:41 (1547575721366)] [MODERATE] Camera 1 failed to open
[14:8:41 (1547575721366)] Picture Taking Time: 794ms
[14:8:41 (1547575721366)] [ACTION] Compressing...
[14:8:41 (1547575721564)] [ACTION] Camera 0 Success! Saved at Pictures/2019-1-15 (C1).
[14:8:41 (1547575721564)] END OF RUNTIME
[14:8:41 (1547575721564)] Runtime: 992ms - Error Count: 1

[14:46:25 (1547577985649)] START OF RUNTIME
[14:46:25 (1547577985649)] [ACTION] Target file path is Pictures/2019-1-15.
[14:46:25 (1547577985649)] [ACTION] Taking pictures...
[14:46:25 (1547577985649)] [ACTION] Using Camera 0...
[14:46:26 (1547577986544)] [ACTION] Camera 0 frame grab
[14:46:26 (1547577986544)] [ACTION] Using NIR...
[14:46:26 (1547577986544)] [MODERATE] Camera 1 failed to open
[14:46:26 (1547577986544)] Picture Taking Time: 897ms
[14:46:26 (1547577986544)] [ACTION] Compressing...
[14:46:26 (1547577986736)] [ACTION] Camera 0 Success! Saved at Pictures/2019-1-15 (C1).
[14:46:26 (1547577986736)] END OF RUNTIME
[14:46:26 (1547577986736)] Runtime: 1089ms - Error Count: 1

[15:13:55 (1547579635813)] START OF RUNTIME
[15:13:55 (1547579635814)] [ACTION] Target file path is Pictures/2019-1-15.
[15:13:55 (1547579635814)] [ACTION] Taking pictures...
[15:13:55 (1547579635814)] [ACTION] Using Camera 0...
[15:13:56 (1547579636752)] [ACTION] Camera 0 frame grab
[15:13:56 (1547579636752)] [ACTION] Using NIR...
[15:13:56 (1547579636755)] [MODERATE] Camera 1 failed to open
[15:13:56 (1547579636755)] Picture Taking Time: 943ms
[15:13:56 (1547579636755)] [ACTION] Compressing...
[15:13:56 (1547579636926)] [ACTION] Camera 0 Success! Saved at Pictures/2019-1-15 (C1).
[15:13:56 (1547579636926)] END OF RUNTIME
[15:13:56 (1547579636926)] Runtime: 1114ms - Error Count: 1

[20:39:32 (1547599172692)] START OF RUNTIME
[20:39:32 (1547599172692)] [ACTION] Target file path is Pictures/2019-1-15.
[20:39:32 (1547599172692)] [ACTION] Taking pictures...
[20:39:32 (1547599172692)] [ACTION] Using Camera 0...
[20:39:33 (1547599173469)] [ACTION] Camera 0 frame grab
[20:39:33 (1547599173469)] [ACTION] Using NIR...
[20:39:33 (1547599173470)] [MODERATE] Camera 1 failed to open
[20:39:33 (1547599173470)] Picture Taking Time: 779ms
[20:39:33 (1547599173470)] [ACTION] Compressing...
[20:39:33 (1547599173636)] [ACTION] Camera 0 Success! Saved at Pictures/2019-1-15 (C1).
[20:39:33 (1547599173636)] END OF RUNTIME
[20:39:33 (1547599173636)] Runtime: 945ms - Error Count: 1

[20:44:26 (1547599466747)] START OF RUNTIME
[20:44:26 (1547599466747)] [ACTION] Target file path is Pictures/2019-1-15.
[20:44:26 (1547599466747)] [ACTION] Taking pictures...
[20:44:26 (1547599466747)] [ACTION] Using Camera 0...
[20:44:27 (1547599467493)] [ACTION] Camera 0 frame grab
[20:44:27 (1547599467493)] [ACTION] Using NIR...
[20:44:27 (1547599467493)] [MODERATE] Camera 1 failed to open
[20:44:27 (1547599467493)] Picture Taking Time: 747ms
[20:44:27 (1547599467493)] [ACTION] Compressing...
[20:44:27 (1547599467626)] [ACTION] Camera 0 Success! Saved at Pictures/2019-1-15 (C1).
[20:44:27 (1547599467626)] END OF RUNTIME
[20:44:27 (1547599467626)] Runtime: 880ms - Error Count: 1

[20:51:19 (1547599879899)] START OF RUNTIME
[20:51:19 (1547599879899)] [ACTION] Target file path is Pictures/2019-1-15.
[20:51:19 (1547599879899)] [ACTION] Taking pictures...
[20:51:19 (1547599879899)] [ACTION] Using Camera 0...
[20:51:20 (1547599880839)] [ACTION] Camera 0 frame grab
[20:51:20 (1547599880840)] [ACTION] Using NIR...
[20:51:20 (1547599880840)] [MODERATE] Camera 1 failed to open
[20:51:20 (1547599880840)] Picture Taking Time: 942ms
[20:51:20 (1547599880840)] [ACTION] Compressing...
[20:51:21 (1547599881180)] [ACTION] Camera 0 Success! Saved at Pictures/2019-1-15 (C1).
[20:51:21 (1547599881180)] END OF RUNTIME
[20:51:21 (1547599881180)] Runtime: 1282ms - Error Count: 1

[20:52:25 (1547599945953)] START OF RUNTIME
[20:52:25 (1547599945953)] [ACTION] Target file path is Pictures/2019-1-15.
[20:52:25 (1547599945953)] [ACTION] Taking pictures...
[20:52:25 (1547599945953)] [ACTION] Using Camera 0...
[20:52:26 (1547599946896)] [ACTION] Camera 0 frame grab
[20:52:26 (1547599946896)] [ACTION] Using NIR...
[20:52:26 (1547599946896)] [MODERATE] Camera 1 failed to open
[20:52:26 (1547599946896)] Picture Taking Time: 945ms
[20:52:26 (1547599946896)] [ACTION] Compressing...
[20:52:27 (1547599947082)] [ACTION] Camera 0 Success! Saved at Pictures/2019-1-15 (C1).
[20:52:27 (1547599947082)] END OF RUNTIME
[20:52:27 (1547599947082)] Runtime: 1131ms - Error Count: 1

[21:29:42 (1547602182449)] START OF RUNTIME
[21:29:42 (1547602182449)] [ACTION] Target file path is Pictures/2019-1-15.
[21:29:42 (1547602182449)] [ACTION] Taking pictures...
[21:29:42 (1547602182449)] [ACTION] Using Camera 0...
[21:29:43 (1547602183282)] [ACTION] Camera 0 frame grab
[21:29:43 (1547602183282)] [ACTION] Using NIR...
[21:29:43 (1547602183282)] [MODERATE] Camera 1 failed to open
[21:29:43 (1547602183282)] Picture Taking Time: 836ms
[21:29:43 (1547602183282)] [ACTION] Compressing...
[21:29:43 (1547602183501)] [ACTION] Camera 0 Success! Saved at Pictures/2019-1-15 (C1).
[21:29:43 (1547602183501)] END OF RUNTIME
[21:29:43 (1547602183501)] Runtime: 1055ms - Error Count: 1

[21:39:15 (1547602755298)] START OF RUNTIME
[21:39:15 (1547602755298)] [ACTION] Target file path is Pictures/2019-1-15.
[21:39:15 (1547602755298)] [ACTION] Taking pictures...
[21:39:15 (1547602755298)] [ACTION] Using Camera 0...
[21:39:16 (1547602756057)] [ACTION] Camera 0 frame grab
[21:39:16 (1547602756057)] [ACTION] Using NIR...
[21:39:16 (1547602756057)] [MODERATE] Camera 1 failed to open
[21:39:16 (1547602756057)] Picture Taking Time: 760ms
[21:39:16 (1547602756057)] [ACTION] Compressing...
[21:39:16 (1547602756194)] [ACTION] Camera 0 Success! Saved at Pictures/2019-1-15 (C1).
[21:39:16 (1547602756194)] END OF RUNTIME
[21:39:16 (1547602756194)] Runtime: 897ms - Error Count: 1

[21:49:25 (1547603365750)] START OF RUNTIME
[21:49:25 (1547603365750)] [ACTION] Target file path is Pictures/2019-1-15.
[21:49:25 (1547603365750)] [ACTION] Taking pictures...
[21:49:25 (1547603365750)] [ACTION] Using Camera 0...
[21:49:26 (1547603366587)] [ACTION] Camera 0 frame grab
[21:49:26 (1547603366587)] [ACTION] Using NIR...
[21:49:26 (1547603366587)] [MODERATE] Camera 1 failed to open
[21:49:26 (1547603366587)] Picture Taking Time: 838ms
[21:49:26 (1547603366587)] [ACTION] Compressing...
[21:49:26 (1547603366841)] [ACTION] Camera 0 Success! Saved at Pictures/2019-1-15 (C1).
[21:49:26 (1547603366841)] END OF RUNTIME
[21:49:26 (1547603366841)] Runtime: 1092ms - Error Count: 1

[21:49:50 (1547603390747)] START OF RUNTIME
[21:49:50 (1547603390747)] [ACTION] Target file path is Pictures/2019-1-15.
[21:49:50 (1547603390747)] [ACTION] Taking pictures...
[21:49:50 (1547603390747)] [ACTION] Using Camera 0...
[21:49:51 (1547603391667)] [ACTION] Camera 0 frame grab
[21:49:51 (1547603391667)] [ACTION] Using NIR...
[21:49:51 (1547603391667)] [MODERATE] Camera 1 failed to open
[21:49:51 (1547603391667)] Picture Taking Time: 922ms
[21:49:51 (1547603391667)] [ACTION] Compressing...
[21:49:51 (1547603391870)] [ACTION] Camera 0 Success! Saved at Pictures/2019-1-15 (C1).
[21:49:51 (1547603391870)] END OF RUNTIME
[21:49:51 (1547603391870)] Runtime: 1125ms - Error Count: 1

[21:50:3 (1547603403388)] START OF RUNTIME
[21:50:3 (1547603403388)] [ACTION] Target file path is Pictures/2019-1-15.
[21:50:3 (1547603403388)] [ACTION] Taking pictures...
[21:50:3 (1547603403388)] [ACTION] Using Camera 0...
[21:50:4 (1547603404269)] [ACTION] Camera 0 frame grab
[21:50:4 (1547603404269)] [ACTION] Using NIR...
[21:50:4 (1547603404269)] [MODERATE] Camera 1 failed to open
[21:50:4 (1547603404269)] Picture Taking Time: 882ms
[21:50:4 (1547603404269)] [ACTION] Compressing...
[21:50:4 (1547603404521)] [ACTION] Camera 0 Success! Saved at Pictures/2019-1-15 (C1).
[21:50:4 (1547603404521)] END OF RUNTIME
[21:50:4 (1547603404521)] Runtime: 1134ms - Error Count: 1

[21:50:7 (1547603407733)] START OF RUNTIME
[21:50:7 (1547603407733)] [ACTION] Target file path is Pictures/2019-1-15.
[21:50:7 (1547603407733)] [ACTION] Taking pictures...
[21:50:7 (1547603407733)] [ACTION] Using Camera 0...
[21:50:8 (1547603408623)] [ACTION] Camera 0 frame grab
[21:50:8 (1547603408623)] [ACTION] Using NIR...
[21:50:8 (1547603408623)] [MODERATE] Camera 1 failed to open
[21:50:8 (1547603408623)] Picture Taking Time: 891ms
[21:50:8 (1547603408623)] [ACTION] Compressing...
[21:50:8 (1547603408801)] [ACTION] Camera 0 Success! Saved at Pictures/2019-1-15 (C1).
[21:50:8 (1547603408801)] END OF RUNTIME
[21:50:8 (1547603408802)] Runtime: 1070ms - Error Count: 1

[22:56:11 (1547607371077)] START OF RUNTIME
[22:56:11 (1547607371077)] [ACTION] Target file path is Pictures/2019-1-15.
[22:56:11 (1547607371078)] [ACTION] Taking pictures...
[22:56:11 (1547607371078)] [ACTION] Using Camera 0...
[22:56:12 (1547607372117)] [ACTION] Camera 0 frame grab
[22:56:12 (1547607372117)] [ACTION] Using NIR...
[22:56:12 (1547607372118)] [MODERATE] Camera 1 failed to open
[22:56:12 (1547607372118)] Picture Taking Time: 1042ms
[22:56:12 (1547607372118)] [ACTION] Compressing...
[22:56:12 (1547607372370)] [ACTION] Camera 0 Success! Saved at Pictures/2019-1-15 (C1).
[22:56:12 (1547607372370)] END OF RUNTIME
[22:56:12 (1547607372370)] Runtime: 1294ms - Error Count: 1

[23:10:35 (1547608235226)] START OF RUNTIME
[23:10:35 (1547608235226)] [ACTION] Target file path is Pictures/2019-1-15.
[23:10:35 (1547608235227)] [ACTION] Taking pictures...
[23:10:35 (1547608235227)] [ACTION] Using Camera 0...
[23:10:36 (1547608236070)] [ACTION] Camera 0 frame grab
[23:10:36 (1547608236070)] [ACTION] Using NIR...
[23:10:36 (1547608236070)] [MODERATE] Camera 1 failed to open
[23:10:36 (1547608236070)] Picture Taking Time: 848ms
[23:10:36 (1547608236070)] [ACTION] Compressing...
[23:10:36 (1547608236287)] [ACTION] Camera 0 Success! Saved at Pictures/2019-1-15 (C1).
[23:10:36 (1547608236287)] END OF RUNTIME
[23:10:36 (1547608236288)] Runtime: 1066ms - Error Count: 1

[23:31:29 (1547609489707)] START OF RUNTIME
[23:31:29 (1547609489708)] [ACTION] Target file path is Pictures/2019-1-15.
[23:31:29 (1547609489708)] [ACTION] Taking pictures...
[23:31:29 (1547609489708)] [ACTION] Using Camera 0...
[23:31:30 (1547609490880)] [ACTION] Camera 0 frame grab
[23:31:30 (1547609490881)] [ACTION] Using NIR...
[23:31:30 (1547609490881)] [MODERATE] Camera 1 failed to open
[23:31:30 (1547609490881)] Picture Taking Time: 1176ms
[23:31:30 (1547609490881)] [ACTION] Compressing...
[23:31:31 (1547609491283)] [ACTION] Camera 0 Success! Saved at Pictures/2019-1-15 (C1).
[23:31:31 (1547609491283)] END OF RUNTIME
[23:31:31 (1547609491283)] Runtime: 1578ms - Error Count: 1

