[19:1:40 (1554156100370)] START OF RUNTIME
[19:1:40 (1554156100370)] [ACTION] Target file path is Pictures/2019-4-1.jpeg
[19:1:40 (1554156100370)] [ACTION] Taking pictures...
[19:1:40 (1554156100370)] [ACTION] Using Camera 0...
[19:1:41 (1554156101212)] [ACTION] Camera 0 frame grab
[19:1:41 (1554156101212)] [ACTION] Using C1...
[19:1:41 (1554156101212)] [MODERATE] Camera 1 failed to open
[19:1:41 (1554156101212)] Picture Taking Time: 842ms
[19:1:41 (1554156101212)] [ACTION] Compressing...
[19:1:41 (1554156101243)] [ACTION] Camera 0 Success! Saved at Pictures/2019-4-1 (VIS).jpeg
[19:1:41 (1554156101243)] END OF RUNTIME
[19:1:41 (1554156101243)] Runtime: 873ms - Error Count: 1

[19:2:8 (1554156128189)] START OF RUNTIME
[19:2:8 (1554156128189)] [ACTION] Target file path is Pictures/2019-4-1.jpeg
[19:2:8 (1554156128189)] [ACTION] Taking pictures...
[19:2:8 (1554156128189)] [ACTION] Using Camera 0...
[19:2:8 (1554156128977)] [ACTION] Camera 0 frame grab
[19:2:8 (1554156128977)] [ACTION] Using C1...
[19:2:8 (1554156128977)] [MODERATE] Camera 1 failed to open
[19:2:8 (1554156128977)] Picture Taking Time: 788ms
[19:2:8 (1554156128977)] [ACTION] Compressing...
[19:2:9 (1554156129004)] [ACTION] Camera 0 Success! Saved at Pictures/2019-4-1 (VIS).jpeg
[19:2:9 (1554156129004)] END OF RUNTIME
[19:2:9 (1554156129004)] Runtime: 815ms - Error Count: 1

[19:2:10 (1554156130144)] START OF RUNTIME
[19:2:10 (1554156130144)] [ACTION] Target file path is Pictures/2019-4-1.jpeg
[19:2:10 (1554156130144)] [ACTION] Taking pictures...
[19:2:10 (1554156130144)] [ACTION] Using Camera 0...
[19:2:10 (1554156130921)] [ACTION] Camera 0 frame grab
[19:2:10 (1554156130921)] [ACTION] Using C1...
[19:2:10 (1554156130922)] [MODERATE] Camera 1 failed to open
[19:2:10 (1554156130922)] Picture Taking Time: 778ms
[19:2:10 (1554156130922)] [ACTION] Compressing...
[19:2:10 (1554156130948)] [ACTION] Camera 0 Success! Saved at Pictures/2019-4-1 (VIS).jpeg
[19:2:10 (1554156130948)] END OF RUNTIME
[19:2:10 (1554156130948)] Runtime: 804ms - Error Count: 1

[19:2:12 (1554156132216)] START OF RUNTIME
[19:2:12 (1554156132216)] [ACTION] Target file path is Pictures/2019-4-1.jpeg
[19:2:12 (1554156132216)] [ACTION] Taking pictures...
[19:2:12 (1554156132216)] [ACTION] Using Camera 0...
[19:2:12 (1554156132991)] [ACTION] Camera 0 frame grab
[19:2:12 (1554156132991)] [ACTION] Using C1...
[19:2:12 (1554156132991)] [MODERATE] Camera 1 failed to open
[19:2:12 (1554156132991)] Picture Taking Time: 775ms
[19:2:12 (1554156132991)] [ACTION] Compressing...
[19:2:13 (1554156133017)] [ACTION] Camera 0 Success! Saved at Pictures/2019-4-1 (VIS).jpeg
[19:2:13 (1554156133017)] END OF RUNTIME
[19:2:13 (1554156133017)] Runtime: 801ms - Error Count: 1

[19:2:14 (1554156134578)] START OF RUNTIME
[19:2:14 (1554156134578)] [ACTION] Target file path is Pictures/2019-4-1.jpeg
[19:2:14 (1554156134578)] [ACTION] Taking pictures...
[19:2:14 (1554156134578)] [ACTION] Using Camera 0...
[19:2:15 (1554156135355)] [ACTION] Camera 0 frame grab
[19:2:15 (1554156135355)] [ACTION] Using C1...
[19:2:15 (1554156135356)] [MODERATE] Camera 1 failed to open
[19:2:15 (1554156135356)] Picture Taking Time: 779ms
[19:2:15 (1554156135356)] [ACTION] Compressing...
[19:2:15 (1554156135382)] [ACTION] Camera 0 Success! Saved at Pictures/2019-4-1 (VIS).jpeg
[19:2:15 (1554156135382)] END OF RUNTIME
[19:2:15 (1554156135382)] Runtime: 805ms - Error Count: 1

