[21:25:57 (1553559957591)] START OF RUNTIME
[21:25:57 (1553559957591)] [ACTION] Target file path is Pictures/2019-3-25.jpeg
[21:25:57 (1553559957591)] [ACTION] Taking pictures...
[21:25:57 (1553559957591)] [ACTION] Using Camera 0...
[21:25:58 (1553559958399)] [ACTION] Camera 0 frame grab
[21:25:58 (1553559958399)] [ACTION] Using C1...
[21:25:58 (1553559958399)] [MODERATE] Camera 1 failed to open
[21:25:58 (1553559958399)] Picture Taking Time: 809ms
[21:25:58 (1553559958399)] [ACTION] Compressing...
[21:25:58 (1553559958427)] [ACTION] Camera 0 Success! Saved at Pictures/2019-3-25 (VIS).jpeg
[21:25:58 (1553559958428)] END OF RUNTIME
[21:25:58 (1553559958428)] Runtime: 838ms - Error Count: 2

[21:29:29 (1553560169561)] START OF RUNTIME
[21:29:29 (1553560169561)] [ACTION] Target file path is Pictures/2019-3-25.jpeg
[21:29:29 (1553560169561)] [ACTION] Taking pictures...
[21:29:29 (1553560169561)] [ACTION] Using Camera 0...
[21:29:30 (1553560170331)] [ACTION] Camera 0 frame grab
[21:29:30 (1553560170331)] [ACTION] Using C1...
[21:29:30 (1553560170331)] [MODERATE] Camera 1 failed to open
[21:29:30 (1553560170331)] Picture Taking Time: 771ms
[21:29:30 (1553560170331)] [ACTION] Compressing...
[21:29:30 (1553560170360)] [ACTION] Camera 0 Success! Saved at Pictures/2019-3-25 (VIS).jpeg
[21:29:30 (1553560170360)] END OF RUNTIME
[21:29:30 (1553560170360)] Runtime: 800ms - Error Count: 1

