[0:3:42 (1547697822760)] START OF RUNTIME
[0:3:42 (1547697822760)] [ACTION] Target file path is Pictures/2019-1-17.jpeg
[0:3:42 (1547697822760)] [ACTION] Taking pictures...
[0:3:42 (1547697822760)] [ACTION] Using Camera 0...
[0:3:43 (1547697823798)] [ACTION] Camera 0 frame grab
[0:3:43 (1547697823798)] [ACTION] Using NIR...
[0:3:43 (1547697823798)] [MODERATE] Camera 1 failed to open
[0:3:43 (1547697823798)] Picture Taking Time: 1039ms
[0:3:43 (1547697823798)] [ACTION] Compressing...
[0:3:43 (1547697823887)] [ACTION] Camera 0 Success! Saved at Pictures/2019-1-17 (C1).jpeg
[0:3:43 (1547697823887)] END OF RUNTIME
[0:3:43 (1547697823887)] Runtime: 1128ms - Error Count: 1

[0:16:25 (1547698585821)] START OF RUNTIME
[0:16:25 (1547698585821)] [ACTION] Target file path is Pictures/2019-1-17.jpeg
[0:16:25 (1547698585822)] [ACTION] Taking pictures...
[0:16:25 (1547698585822)] [ACTION] Using Camera 0...
[0:16:26 (1547698586702)] [ACTION] Camera 0 frame grab
[0:16:26 (1547698586702)] [ACTION] Using NIR...
[0:16:26 (1547698586702)] [MODERATE] Camera 1 failed to open
[0:16:26 (1547698586702)] Picture Taking Time: 882ms
[0:16:26 (1547698586702)] [ACTION] Compressing...
[0:16:26 (1547698586781)] [ACTION] Camera 0 Success! Saved at Pictures/2019-1-17 (C1).jpeg
[0:16:26 (1547698586781)] END OF RUNTIME
[0:16:26 (1547698586781)] Runtime: 961ms - Error Count: 1

